<?xml version="1.0" encoding="UTF-8"?>
<!-- Generated by org.testng.reporters.JUnitReportReporter -->
<testsuite hostname="Dell-PC" failures="0" tests="26" name="tests.VerifyHeadersOfApplication" time="373.675" errors="1" timestamp="2022-07-12T10:55:48 IST" skipped="5">
  <testcase classname="tests.VerifyHeadersOfApplication" name="launchBrowser" time="0.000">
    <error message="Cannot invoke &quot;org.openqa.selenium.WebDriver.manage()&quot; because &quot;this.driver&quot; is null" type="java.lang.NullPointerException">
      <![CDATA[java.lang.NullPointerException: Cannot invoke "org.openqa.selenium.WebDriver.manage()" because "this.driver" is null
at tests.VerifyHeadersOfApplication.launchBrowser(VerifyHeadersOfApplication.java:55)
at java.base/jdk.internal.reflect.NativeMethodAccessorImpl.invoke0(Native Method)
at java.base/jdk.internal.reflect.NativeMethodAccessorImpl.invoke(NativeMethodAccessorImpl.java:78)
at java.base/jdk.internal.reflect.DelegatingMethodAccessorImpl.invoke(DelegatingMethodAccessorImpl.java:43)
at java.base/java.lang.reflect.Method.invoke(Method.java:567)
at org.testng.internal.MethodInvocationHelper.invokeMethod(MethodInvocationHelper.java:133)
at org.testng.internal.MethodInvocationHelper.invokeMethodConsideringTimeout(MethodInvocationHelper.java:62)
at org.testng.internal.ConfigInvoker.invokeConfigurationMethod(ConfigInvoker.java:385)
at org.testng.internal.ConfigInvoker.invokeConfigurations(ConfigInvoker.java:321)
at org.testng.TestRunner.invokeTestConfigurations(TestRunner.java:637)
at org.testng.TestRunner.beforeRun(TestRunner.java:627)
at org.testng.TestRunner.run(TestRunner.java:589)
at org.testng.SuiteRunner.runTest(SuiteRunner.java:377)
at org.testng.SuiteRunner.runSequentially(SuiteRunner.java:371)
at org.testng.SuiteRunner.privateRun(SuiteRunner.java:332)
at org.testng.SuiteRunner.run(SuiteRunner.java:276)
at org.testng.SuiteRunnerWorker.runSuite(SuiteRunnerWorker.java:53)
at org.testng.SuiteRunnerWorker.run(SuiteRunnerWorker.java:96)
at org.testng.TestNG.runSuitesSequentially(TestNG.java:1212)
at org.testng.TestNG.runSuitesLocally(TestNG.java:1134)
at org.testng.TestNG.runSuites(TestNG.java:1063)
at org.testng.TestNG.run(TestNG.java:1031)
at org.testng.remote.AbstractRemoteTestNG.run(AbstractRemoteTestNG.java:115)
at org.testng.remote.RemoteTestNG.initAndRun(RemoteTestNG.java:251)
at org.testng.remote.RemoteTestNG.main(RemoteTestNG.java:77)
]]>
    </error>
  </testcase> <!-- launchBrowser -->
  <system-out/>
  <testcase classname="tests.VerifyHeadersOfApplication" name="toVerifyTimeTrackTab" time="1.216"/>
  <system-out/>
  <testcase classname="tests.VerifyHeadersOfApplication" name="toVerifyTimeTrackTab" time="3.635"/>
  <system-out/>
  <testcase classname="tests.VerifyHeadersOfApplication" name="toVerifyTimeTrackTab" time="4.930"/>
  <system-out/>
  <testcase classname="tests.VerifyHeadersOfApplication" name="toVerifyTimeTrackTab" time="66.451"/>
  <system-out/>
  <testcase classname="tests.VerifyHeadersOfApplication" name="toVerifyTimeTrackTab" time="0.000">
    <skipped/>
  </testcase> <!-- toVerifyTimeTrackTab -->
  <system-out/>
  <testcase classname="tests.VerifyHeadersOfApplication" name="toVerifyTaskTab" time="69.200"/>
  <system-out/>
  <testcase classname="tests.VerifyHeadersOfApplication" name="toVerifyTaskTab" time="1.756"/>
  <system-out/>
  <testcase classname="tests.VerifyHeadersOfApplication" name="toVerifyTaskTab" time="0.000">
    <skipped/>
  </testcase> <!-- toVerifyTaskTab -->
  <system-out/>
  <testcase classname="tests.VerifyHeadersOfApplication" name="toVerifyTaskTab" time="1.510"/>
  <system-out/>
  <testcase classname="tests.VerifyHeadersOfApplication" name="toVerifyTaskTab" time="2.162"/>
  <system-out/>
  <testcase classname="tests.VerifyHeadersOfApplication" name="toVerifyReportsTab" time="1.430"/>
  <system-out/>
  <testcase classname="tests.VerifyHeadersOfApplication" name="toVerifyReportsTab" time="66.497"/>
  <system-out/>
  <testcase classname="tests.VerifyHeadersOfApplication" name="toVerifyReportsTab" time="1.292"/>
  <system-out/>
  <testcase classname="tests.VerifyHeadersOfApplication" name="toVerifyReportsTab" time="1.143"/>
  <system-out/>
  <testcase classname="tests.VerifyHeadersOfApplication" name="toVerifyReportsTab" time="0.000">
    <skipped/>
  </testcase> <!-- toVerifyReportsTab -->
  <system-out/>
  <testcase classname="tests.VerifyHeadersOfApplication" name="toVerifyUsersTab" time="0.000">
    <skipped/>
  </testcase> <!-- toVerifyUsersTab -->
  <system-out/>
  <testcase classname="tests.VerifyHeadersOfApplication" name="toVerifyUsersTab" time="68.483"/>
  <system-out/>
  <testcase classname="tests.VerifyHeadersOfApplication" name="toVerifyUsersTab" time="2.326"/>
  <system-out/>
  <testcase classname="tests.VerifyHeadersOfApplication" name="toVerifyUsersTab" time="5.406"/>
  <system-out/>
  <testcase classname="tests.VerifyHeadersOfApplication" name="toVerifyUsersTab" time="2.106"/>
  <system-out/>
  <testcase classname="tests.VerifyHeadersOfApplication" name="toVerifyWorkSchedule" time="0.000">
    <skipped/>
  </testcase> <!-- toVerifyWorkSchedule -->
  <system-out/>
  <testcase classname="tests.VerifyHeadersOfApplication" name="toVerifyWorkSchedule" time="2.054"/>
  <system-out/>
  <testcase classname="tests.VerifyHeadersOfApplication" name="toVerifyWorkSchedule" time="3.384"/>
  <system-out/>
  <testcase classname="tests.VerifyHeadersOfApplication" name="toVerifyWorkSchedule" time="1.600"/>
  <system-out/>
  <testcase classname="tests.VerifyHeadersOfApplication" name="toVerifyWorkSchedule" time="67.094"/>
  <system-out/>
</testsuite> <!-- tests.VerifyHeadersOfApplication -->
