<!DOCTYPE html PUBLIC "-//W3C//DTD XHTML 1.1//EN" "https://www.w3.org/TR/xhtml11/DTD/xhtml11.dtd">
<html xmlns="https://www.w3.org/1999/xhtml">
<head>
<meta http-equiv="content-type" content="text/html; charset=UTF-8"/>
<title>TestNG Report</title>
<style type="text/css">table {margin-bottom:10px;border-collapse:collapse;empty-cells:show}th,td {border:1px solid #009;padding:.25em .5em}th {vertical-align:bottom}td {vertical-align:top}table a {font-weight:bold}.stripe td {background-color: #E6EBF9}.num {text-align:right}.passedodd td {background-color: #3F3}.passedeven td {background-color: #0A0}.skippedodd td {background-color: #DDD}.skippedeven td {background-color: #CCC}.failedodd td,.attn {background-color: #F33}.failedeven td,.stripe .attn {background-color: #D00}.stacktrace {white-space:pre;font-family:monospace}.totop {font-size:85%;text-align:center;border-bottom:2px solid #000}.invisible {display:none}</style>
</head>
<body>
<table>
<tr><th>Test</th><th># Passed</th><th># Skipped</th><th># Retried</th><th># Failed</th><th>Time (ms)</th><th>Included Groups</th><th>Excluded Groups</th></tr>
<tr><th colspan="8">Suite</th></tr>
<tr><td><a href="#t0">ChromeTest</a></td><td class="num">5</td><td class="num">0</td><td class="num">0</td><td class="num attn">1</td><td class="num">16,323</td><td></td><td></td></tr>
<tr class="stripe"><td><a href="#t1">FirefoxTest</a></td><td class="num">5</td><td class="num">0</td><td class="num">0</td><td class="num attn">1</td><td class="num">17,784</td><td></td><td></td></tr>
<tr><td><a href="#t2">MSEdgeTest</a></td><td class="num">5</td><td class="num">0</td><td class="num">0</td><td class="num attn">1</td><td class="num">20,477</td><td></td><td></td></tr>
<tr><th>Total</th><th class="num">15</th><th class="num">0</th><th class="num">0</th><th class="num attn">3</th><th class="num">54,584</th><th colspan="2"></th></tr>
</table>
<table id='summary'><thead><tr><th>Class</th><th>Method</th><th>Start</th><th>Time (ms)</th></tr></thead><tbody><tr><th colspan="4">Suite</th></tr></tbody><tbody id="t0"><tr><th colspan="4">ChromeTest &#8212; failed</th></tr><tr class="failedeven"><td rowspan="1">tests.VerifyHeadersOfApplication</td><td><a href="#m0">toVerifyTimeTrackTab</a></td><td rowspan="1">1657820732747</td><td rowspan="1">3102</td></tr><tr><th colspan="4">ChromeTest &#8212; passed</th></tr><tr class="passedeven"><td rowspan="4">tests.VerifyHeadersOfApplication</td><td><a href="#m1">toVerifyReportsTab</a></td><td rowspan="1">1657820738054</td><td rowspan="1">466</td></tr><tr class="passedeven"><td><a href="#m2">toVerifyTaskTab</a></td><td rowspan="1">1657820736627</td><td rowspan="1">809</td></tr><tr class="passedeven"><td><a href="#m3">toVerifyUsersTab</a></td><td rowspan="1">1657820738922</td><td rowspan="1">4597</td></tr><tr class="passedeven"><td><a href="#m4">toVerifyWorkSchedule</a></td><td rowspan="1">1657820743951</td><td rowspan="1">508</td></tr><tr class="passedodd"><td rowspan="1">tests.validate</td><td><a href="#m5">test1</a></td><td rowspan="1">1657820730896</td><td rowspan="1">6</td></tr></tbody>
<tbody id="t1"><tr><th colspan="4">FirefoxTest &#8212; failed</th></tr><tr class="failedeven"><td rowspan="1">tests.VerifyHeadersOfApplication</td><td><a href="#m6">toVerifyTimeTrackTab</a></td><td rowspan="1">1657820753254</td><td rowspan="1">239</td></tr><tr><th colspan="4">FirefoxTest &#8212; passed</th></tr><tr class="passedeven"><td rowspan="4">tests.VerifyHeadersOfApplication</td><td><a href="#m7">toVerifyReportsTab</a></td><td rowspan="1">1657820756575</td><td rowspan="1">338</td></tr><tr class="passedeven"><td><a href="#m8">toVerifyTaskTab</a></td><td rowspan="1">1657820754634</td><td rowspan="1">604</td></tr><tr class="passedeven"><td><a href="#m9">toVerifyUsersTab</a></td><td rowspan="1">1657820757980</td><td rowspan="1">851</td></tr><tr class="passedeven"><td><a href="#m10">toVerifyWorkSchedule</a></td><td rowspan="1">1657820759876</td><td rowspan="1">193</td></tr><tr class="passedodd"><td rowspan="1">tests.validate</td><td><a href="#m11">test1</a></td><td rowspan="1">1657820751704</td><td rowspan="1">2</td></tr></tbody>
<tbody id="t2"><tr><th colspan="4">MSEdgeTest &#8212; failed</th></tr><tr class="failedeven"><td rowspan="1">tests.VerifyHeadersOfApplication</td><td><a href="#m12">toVerifyTimeTrackTab</a></td><td rowspan="1">1657820767029</td><td rowspan="1">4860</td></tr><tr><th colspan="4">MSEdgeTest &#8212; passed</th></tr><tr class="passedeven"><td rowspan="4">tests.VerifyHeadersOfApplication</td><td><a href="#m13">toVerifyReportsTab</a></td><td rowspan="1">1657820775961</td><td rowspan="1">674</td></tr><tr class="passedeven"><td><a href="#m14">toVerifyTaskTab</a></td><td rowspan="1">1657820772702</td><td rowspan="1">2588</td></tr><tr class="passedeven"><td><a href="#m15">toVerifyUsersTab</a></td><td rowspan="1">1657820777094</td><td rowspan="1">4301</td></tr><tr class="passedeven"><td><a href="#m16">toVerifyWorkSchedule</a></td><td rowspan="1">1657820782074</td><td rowspan="1">581</td></tr><tr class="passedodd"><td rowspan="1">tests.validate</td><td><a href="#m17">test1</a></td><td rowspan="1">1657820763923</td><td rowspan="1">0</td></tr></tbody>
</table>
<h2>ChromeTest</h2><h3 id="m0">tests.VerifyHeadersOfApplication#toVerifyTimeTrackTab</h3><table class="result"><tr><th>Exception</th></tr><tr><td><div class="stacktrace">java.lang.AssertionError: Time-Track Page Title does not match expected [actiTIME - Enter Time-Trac] but found [actiTIME - Enter Time-Track]
	at tests.VerifyHeadersOfApplication.toVerifyTimeTrackTab(VerifyHeadersOfApplication.java:92)
	at java.base/java.util.ArrayList.forEach(ArrayList.java:1511)
... Removed 32 stack frames</div></td></tr></table><p class="totop"><a href="#summary">back to summary</a></p>
<h3 id="m1">tests.VerifyHeadersOfApplication#toVerifyReportsTab</h3><table class="result"><tr><th class="invisible"/></tr></table><p class="totop"><a href="#summary">back to summary</a></p>
<h3 id="m2">tests.VerifyHeadersOfApplication#toVerifyTaskTab</h3><table class="result"><tr><th class="invisible"/></tr></table><p class="totop"><a href="#summary">back to summary</a></p>
<h3 id="m3">tests.VerifyHeadersOfApplication#toVerifyUsersTab</h3><table class="result"><tr><th class="invisible"/></tr></table><p class="totop"><a href="#summary">back to summary</a></p>
<h3 id="m4">tests.VerifyHeadersOfApplication#toVerifyWorkSchedule</h3><table class="result"><tr><th class="invisible"/></tr></table><p class="totop"><a href="#summary">back to summary</a></p>
<h3 id="m5">tests.validate#test1</h3><table class="result"><tr><th class="invisible"/></tr></table><p class="totop"><a href="#summary">back to summary</a></p>
<h2>FirefoxTest</h2><h3 id="m6">tests.VerifyHeadersOfApplication#toVerifyTimeTrackTab</h3><table class="result"><tr><th>Exception</th></tr><tr><td><div class="stacktrace">java.lang.AssertionError: Time-Track Page Title does not match expected [actiTIME - Enter Time-Trac] but found [actiTIME - Enter Time-Track]
	at tests.VerifyHeadersOfApplication.toVerifyTimeTrackTab(VerifyHeadersOfApplication.java:92)
	at java.base/java.util.ArrayList.forEach(ArrayList.java:1511)
... Removed 32 stack frames</div></td></tr></table><p class="totop"><a href="#summary">back to summary</a></p>
<h3 id="m7">tests.VerifyHeadersOfApplication#toVerifyReportsTab</h3><table class="result"><tr><th class="invisible"/></tr></table><p class="totop"><a href="#summary">back to summary</a></p>
<h3 id="m8">tests.VerifyHeadersOfApplication#toVerifyTaskTab</h3><table class="result"><tr><th class="invisible"/></tr></table><p class="totop"><a href="#summary">back to summary</a></p>
<h3 id="m9">tests.VerifyHeadersOfApplication#toVerifyUsersTab</h3><table class="result"><tr><th class="invisible"/></tr></table><p class="totop"><a href="#summary">back to summary</a></p>
<h3 id="m10">tests.VerifyHeadersOfApplication#toVerifyWorkSchedule</h3><table class="result"><tr><th class="invisible"/></tr></table><p class="totop"><a href="#summary">back to summary</a></p>
<h3 id="m11">tests.validate#test1</h3><table class="result"><tr><th class="invisible"/></tr></table><p class="totop"><a href="#summary">back to summary</a></p>
<h2>MSEdgeTest</h2><h3 id="m12">tests.VerifyHeadersOfApplication#toVerifyTimeTrackTab</h3><table class="result"><tr><th>Exception</th></tr><tr><td><div class="stacktrace">java.lang.AssertionError: Time-Track Page Title does not match expected [actiTIME - Enter Time-Trac] but found [actiTIME - Enter Time-Track]
	at tests.VerifyHeadersOfApplication.toVerifyTimeTrackTab(VerifyHeadersOfApplication.java:92)
	at java.base/java.util.ArrayList.forEach(ArrayList.java:1511)
... Removed 32 stack frames</div></td></tr></table><p class="totop"><a href="#summary">back to summary</a></p>
<h3 id="m13">tests.VerifyHeadersOfApplication#toVerifyReportsTab</h3><table class="result"><tr><th class="invisible"/></tr></table><p class="totop"><a href="#summary">back to summary</a></p>
<h3 id="m14">tests.VerifyHeadersOfApplication#toVerifyTaskTab</h3><table class="result"><tr><th class="invisible"/></tr></table><p class="totop"><a href="#summary">back to summary</a></p>
<h3 id="m15">tests.VerifyHeadersOfApplication#toVerifyUsersTab</h3><table class="result"><tr><th class="invisible"/></tr></table><p class="totop"><a href="#summary">back to summary</a></p>
<h3 id="m16">tests.VerifyHeadersOfApplication#toVerifyWorkSchedule</h3><table class="result"><tr><th class="invisible"/></tr></table><p class="totop"><a href="#summary">back to summary</a></p>
<h3 id="m17">tests.validate#test1</h3><table class="result"><tr><th class="invisible"/></tr></table><p class="totop"><a href="#summary">back to summary</a></p>
</body>
</html>
