<?xml version="1.0" encoding="UTF-8"?>
<testng-results ignored="0" total="18" passed="15" failed="3" skipped="0">
  <reporter-output>
  </reporter-output>
  <suite started-at="2022-07-13T14:48:44 IST" name="Suite" finished-at="2022-07-13T14:49:40 IST" duration-ms="55485">
    <groups>
    </groups>
    <test started-at="2022-07-13T14:48:44 IST" name="ChromeTest" finished-at="2022-07-13T14:49:03 IST" duration-ms="18450">
      <class name="tests.validate">
        <test-method is-config="true" signature="beforeClass()[pri:0, instance:tests.validate@481a996b]" started-at="2022-07-13T14:48:46 IST" name="beforeClass" finished-at="2022-07-13T14:48:46 IST" duration-ms="0" status="PASS">
          <reporter-output>
          </reporter-output>
        </test-method> <!-- beforeClass -->
        <test-method is-config="true" signature="beforeMethod()[pri:0, instance:tests.validate@481a996b]" started-at="2022-07-13T14:48:46 IST" name="beforeMethod" finished-at="2022-07-13T14:48:46 IST" duration-ms="0" status="PASS">
          <reporter-output>
          </reporter-output>
        </test-method> <!-- beforeMethod -->
        <test-method signature="test1()[pri:0, instance:tests.validate@481a996b]" started-at="2022-07-13T14:48:46 IST" name="test1" finished-at="2022-07-13T14:48:46 IST" duration-ms="6" status="PASS">
          <reporter-output>
          </reporter-output>
        </test-method> <!-- test1 -->
        <test-method is-config="true" signature="afterMethod()[pri:0, instance:tests.validate@481a996b]" started-at="2022-07-13T14:48:46 IST" name="afterMethod" finished-at="2022-07-13T14:48:46 IST" duration-ms="1" status="PASS">
          <reporter-output>
          </reporter-output>
        </test-method> <!-- afterMethod -->
        <test-method is-config="true" signature="afterClass()[pri:0, instance:tests.validate@481a996b]" started-at="2022-07-13T14:48:46 IST" name="afterClass" finished-at="2022-07-13T14:48:46 IST" duration-ms="0" status="PASS">
          <reporter-output>
          </reporter-output>
        </test-method> <!-- afterClass -->
      </class> <!-- tests.validate -->
      <class name="tests.VerifyHeadersOfApplication">
        <test-method is-config="true" signature="launchBrowser(java.lang.String)[pri:0, instance:tests.VerifyHeadersOfApplication@c33b74f]" started-at="2022-07-13T14:48:44 IST" name="launchBrowser" finished-at="2022-07-13T14:48:46 IST" duration-ms="1950" status="PASS">
          <params>
            <param index="0">
              <value>
                <![CDATA[Chrome]]>
              </value>
            </param>
          </params>
          <reporter-output>
          </reporter-output>
        </test-method> <!-- launchBrowser -->
        <test-method is-config="true" signature="createPOMObjects()[pri:0, instance:tests.VerifyHeadersOfApplication@c33b74f]" started-at="2022-07-13T14:48:46 IST" name="createPOMObjects" finished-at="2022-07-13T14:48:46 IST" duration-ms="31" status="PASS">
          <reporter-output>
          </reporter-output>
        </test-method> <!-- createPOMObjects -->
        <test-method is-config="true" signature="loginToApplication()[pri:0, instance:tests.VerifyHeadersOfApplication@c33b74f]" started-at="2022-07-13T14:48:46 IST" name="loginToApplication" finished-at="2022-07-13T14:48:49 IST" duration-ms="2136" status="PASS">
          <reporter-output>
          </reporter-output>
        </test-method> <!-- loginToApplication -->
        <test-method signature="toVerifyTimeTrackTab()[pri:1, instance:tests.VerifyHeadersOfApplication@c33b74f]" started-at="2022-07-13T14:48:49 IST" name="toVerifyTimeTrackTab" finished-at="2022-07-13T14:48:53 IST" duration-ms="4063" status="FAIL">
          <exception class="java.lang.AssertionError">
            <message>
              <![CDATA[Time-Track Page Title does not match expected [actiTIME - Enter Time-Trac] but found [actiTIME - Enter Time-Track]]]>
            </message>
            <full-stacktrace>
              <![CDATA[java.lang.AssertionError: Time-Track Page Title does not match expected [actiTIME - Enter Time-Trac] but found [actiTIME - Enter Time-Track]
at org.testng.Assert.fail(Assert.java:99)
at org.testng.Assert.failNotEquals(Assert.java:1037)
at org.testng.Assert.assertEqualsImpl(Assert.java:140)
at org.testng.Assert.assertEquals(Assert.java:122)
at org.testng.Assert.assertEquals(Assert.java:629)
at tests.VerifyHeadersOfApplication.toVerifyTimeTrackTab(VerifyHeadersOfApplication.java:92)
at java.base/jdk.internal.reflect.NativeMethodAccessorImpl.invoke0(Native Method)
at java.base/jdk.internal.reflect.NativeMethodAccessorImpl.invoke(NativeMethodAccessorImpl.java:78)
at java.base/jdk.internal.reflect.DelegatingMethodAccessorImpl.invoke(DelegatingMethodAccessorImpl.java:43)
at java.base/java.lang.reflect.Method.invoke(Method.java:567)
at org.testng.internal.MethodInvocationHelper.invokeMethod(MethodInvocationHelper.java:133)
at org.testng.internal.TestInvoker.invokeMethod(TestInvoker.java:598)
at org.testng.internal.TestInvoker.invokeTestMethod(TestInvoker.java:173)
at org.testng.internal.MethodRunner.runInSequence(MethodRunner.java:46)
at org.testng.internal.TestInvoker$MethodInvocationAgent.invoke(TestInvoker.java:824)
at org.testng.internal.TestInvoker.invokeTestMethods(TestInvoker.java:146)
at org.testng.internal.TestMethodWorker.invokeTestMethods(TestMethodWorker.java:146)
at org.testng.internal.TestMethodWorker.run(TestMethodWorker.java:128)
at java.base/java.util.ArrayList.forEach(ArrayList.java:1511)
at org.testng.TestRunner.privateRun(TestRunner.java:794)
at org.testng.TestRunner.run(TestRunner.java:596)
at org.testng.SuiteRunner.runTest(SuiteRunner.java:377)
at org.testng.SuiteRunner.runSequentially(SuiteRunner.java:371)
at org.testng.SuiteRunner.privateRun(SuiteRunner.java:332)
at org.testng.SuiteRunner.run(SuiteRunner.java:276)
at org.testng.SuiteRunnerWorker.runSuite(SuiteRunnerWorker.java:53)
at org.testng.SuiteRunnerWorker.run(SuiteRunnerWorker.java:96)
at org.testng.TestNG.runSuitesSequentially(TestNG.java:1212)
at org.testng.TestNG.runSuitesLocally(TestNG.java:1134)
at org.testng.TestNG.runSuites(TestNG.java:1063)
at org.testng.TestNG.run(TestNG.java:1031)
at org.testng.remote.AbstractRemoteTestNG.run(AbstractRemoteTestNG.java:115)
at org.testng.remote.RemoteTestNG.initAndRun(RemoteTestNG.java:251)
at org.testng.remote.RemoteTestNG.main(RemoteTestNG.java:77)
]]>
            </full-stacktrace>
          </exception> <!-- java.lang.AssertionError -->
          <reporter-output>
          </reporter-output>
        </test-method> <!-- toVerifyTimeTrackTab -->
        <test-method is-config="true" signature="logoutFromApplication(org.testng.ITestResult)[pri:0, instance:tests.VerifyHeadersOfApplication@c33b74f]" started-at="2022-07-13T14:48:53 IST" name="logoutFromApplication" finished-at="2022-07-13T14:48:53 IST" duration-ms="461" status="PASS">
          <params>
            <param index="0">
              <value>
                <![CDATA[[TestResult name=toVerifyTimeTrackTab status=FAILURE method=VerifyHeadersOfApplication.toVerifyTimeTrackTab()[pri:1, instance:tests.VerifyHeadersOfApplication@c33b74f] output={null}]]]>
              </value>
            </param>
          </params>
          <reporter-output>
          </reporter-output>
        </test-method> <!-- logoutFromApplication -->
        <test-method is-config="true" signature="loginToApplication()[pri:0, instance:tests.VerifyHeadersOfApplication@c33b74f]" started-at="2022-07-13T14:48:53 IST" name="loginToApplication" finished-at="2022-07-13T14:48:53 IST" duration-ms="302" status="PASS">
          <reporter-output>
          </reporter-output>
        </test-method> <!-- loginToApplication -->
        <test-method signature="toVerifyTaskTab()[pri:2, instance:tests.VerifyHeadersOfApplication@c33b74f]" started-at="2022-07-13T14:48:53 IST" name="toVerifyTaskTab" finished-at="2022-07-13T14:48:55 IST" duration-ms="2076" status="PASS">
          <reporter-output>
          </reporter-output>
        </test-method> <!-- toVerifyTaskTab -->
        <test-method is-config="true" signature="logoutFromApplication(org.testng.ITestResult)[pri:0, instance:tests.VerifyHeadersOfApplication@c33b74f]" started-at="2022-07-13T14:48:55 IST" name="logoutFromApplication" finished-at="2022-07-13T14:48:56 IST" duration-ms="369" status="PASS">
          <params>
            <param index="0">
              <value>
                <![CDATA[[TestResult name=toVerifyTaskTab status=SUCCESS method=VerifyHeadersOfApplication.toVerifyTaskTab()[pri:2, instance:tests.VerifyHeadersOfApplication@c33b74f] output={null}]]]>
              </value>
            </param>
          </params>
          <reporter-output>
          </reporter-output>
        </test-method> <!-- logoutFromApplication -->
        <test-method is-config="true" signature="loginToApplication()[pri:0, instance:tests.VerifyHeadersOfApplication@c33b74f]" started-at="2022-07-13T14:48:56 IST" name="loginToApplication" finished-at="2022-07-13T14:48:56 IST" duration-ms="289" status="PASS">
          <reporter-output>
          </reporter-output>
        </test-method> <!-- loginToApplication -->
        <test-method signature="toVerifyReportsTab()[pri:3, instance:tests.VerifyHeadersOfApplication@c33b74f]" started-at="2022-07-13T14:48:56 IST" name="toVerifyReportsTab" finished-at="2022-07-13T14:48:57 IST" duration-ms="696" status="PASS">
          <reporter-output>
          </reporter-output>
        </test-method> <!-- toVerifyReportsTab -->
        <test-method is-config="true" signature="logoutFromApplication(org.testng.ITestResult)[pri:0, instance:tests.VerifyHeadersOfApplication@c33b74f]" started-at="2022-07-13T14:48:57 IST" name="logoutFromApplication" finished-at="2022-07-13T14:48:57 IST" duration-ms="127" status="PASS">
          <params>
            <param index="0">
              <value>
                <![CDATA[[TestResult name=toVerifyReportsTab status=SUCCESS method=VerifyHeadersOfApplication.toVerifyReportsTab()[pri:3, instance:tests.VerifyHeadersOfApplication@c33b74f] output={null}]]]>
              </value>
            </param>
          </params>
          <reporter-output>
          </reporter-output>
        </test-method> <!-- logoutFromApplication -->
        <test-method is-config="true" signature="loginToApplication()[pri:0, instance:tests.VerifyHeadersOfApplication@c33b74f]" started-at="2022-07-13T14:48:57 IST" name="loginToApplication" finished-at="2022-07-13T14:48:57 IST" duration-ms="275" status="PASS">
          <reporter-output>
          </reporter-output>
        </test-method> <!-- loginToApplication -->
        <test-method signature="toVerifyUsersTab()[pri:4, instance:tests.VerifyHeadersOfApplication@c33b74f]" started-at="2022-07-13T14:48:57 IST" name="toVerifyUsersTab" finished-at="2022-07-13T14:49:01 IST" duration-ms="4103" status="PASS">
          <reporter-output>
          </reporter-output>
        </test-method> <!-- toVerifyUsersTab -->
        <test-method is-config="true" signature="logoutFromApplication(org.testng.ITestResult)[pri:0, instance:tests.VerifyHeadersOfApplication@c33b74f]" started-at="2022-07-13T14:49:01 IST" name="logoutFromApplication" finished-at="2022-07-13T14:49:01 IST" duration-ms="137" status="PASS">
          <params>
            <param index="0">
              <value>
                <![CDATA[[TestResult name=toVerifyUsersTab status=SUCCESS method=VerifyHeadersOfApplication.toVerifyUsersTab()[pri:4, instance:tests.VerifyHeadersOfApplication@c33b74f] output={null}]]]>
              </value>
            </param>
          </params>
          <reporter-output>
          </reporter-output>
        </test-method> <!-- logoutFromApplication -->
        <test-method is-config="true" signature="loginToApplication()[pri:0, instance:tests.VerifyHeadersOfApplication@c33b74f]" started-at="2022-07-13T14:49:01 IST" name="loginToApplication" finished-at="2022-07-13T14:49:02 IST" duration-ms="282" status="PASS">
          <reporter-output>
          </reporter-output>
        </test-method> <!-- loginToApplication -->
        <test-method signature="toVerifyWorkSchedule()[pri:5, instance:tests.VerifyHeadersOfApplication@c33b74f]" started-at="2022-07-13T14:49:02 IST" name="toVerifyWorkSchedule" finished-at="2022-07-13T14:49:02 IST" duration-ms="595" status="PASS">
          <reporter-output>
          </reporter-output>
        </test-method> <!-- toVerifyWorkSchedule -->
        <test-method is-config="true" signature="logoutFromApplication(org.testng.ITestResult)[pri:0, instance:tests.VerifyHeadersOfApplication@c33b74f]" started-at="2022-07-13T14:49:02 IST" name="logoutFromApplication" finished-at="2022-07-13T14:49:02 IST" duration-ms="136" status="PASS">
          <params>
            <param index="0">
              <value>
                <![CDATA[[TestResult name=toVerifyWorkSchedule status=SUCCESS method=VerifyHeadersOfApplication.toVerifyWorkSchedule()[pri:5, instance:tests.VerifyHeadersOfApplication@c33b74f] output={null}]]]>
              </value>
            </param>
          </params>
          <reporter-output>
          </reporter-output>
        </test-method> <!-- logoutFromApplication -->
        <test-method is-config="true" signature="clearPOMObjects()[pri:0, instance:tests.VerifyHeadersOfApplication@c33b74f]" started-at="2022-07-13T14:49:02 IST" name="clearPOMObjects" finished-at="2022-07-13T14:49:02 IST" duration-ms="0" status="PASS">
          <reporter-output>
          </reporter-output>
        </test-method> <!-- clearPOMObjects -->
        <test-method is-config="true" signature="closeBrowser()[pri:0, instance:tests.VerifyHeadersOfApplication@c33b74f]" started-at="2022-07-13T14:49:02 IST" name="closeBrowser" finished-at="2022-07-13T14:49:03 IST" duration-ms="341" status="PASS">
          <reporter-output>
          </reporter-output>
        </test-method> <!-- closeBrowser -->
      </class> <!-- tests.VerifyHeadersOfApplication -->
    </test> <!-- ChromeTest -->
    <test started-at="2022-07-13T14:49:03 IST" name="FirefoxTest" finished-at="2022-07-13T14:49:19 IST" duration-ms="16320">
      <class name="tests.validate">
        <test-method is-config="true" signature="beforeMethod()[pri:0, instance:tests.validate@44ebcd03]" started-at="2022-07-13T14:49:08 IST" name="beforeMethod" finished-at="2022-07-13T14:49:08 IST" duration-ms="1" status="PASS">
          <reporter-output>
          </reporter-output>
        </test-method> <!-- beforeMethod -->
        <test-method is-config="true" signature="beforeClass()[pri:0, instance:tests.validate@44ebcd03]" started-at="2022-07-13T14:49:08 IST" name="beforeClass" finished-at="2022-07-13T14:49:08 IST" duration-ms="0" status="PASS">
          <reporter-output>
          </reporter-output>
        </test-method> <!-- beforeClass -->
        <test-method signature="test1()[pri:0, instance:tests.validate@44ebcd03]" started-at="2022-07-13T14:49:08 IST" name="test1" finished-at="2022-07-13T14:49:08 IST" duration-ms="1" status="PASS">
          <reporter-output>
          </reporter-output>
        </test-method> <!-- test1 -->
        <test-method is-config="true" signature="afterMethod()[pri:0, instance:tests.validate@44ebcd03]" started-at="2022-07-13T14:49:08 IST" name="afterMethod" finished-at="2022-07-13T14:49:08 IST" duration-ms="0" status="PASS">
          <reporter-output>
          </reporter-output>
        </test-method> <!-- afterMethod -->
        <test-method is-config="true" signature="afterClass()[pri:0, instance:tests.validate@44ebcd03]" started-at="2022-07-13T14:49:08 IST" name="afterClass" finished-at="2022-07-13T14:49:08 IST" duration-ms="0" status="PASS">
          <reporter-output>
          </reporter-output>
        </test-method> <!-- afterClass -->
      </class> <!-- tests.validate -->
      <class name="tests.VerifyHeadersOfApplication">
        <test-method is-config="true" signature="launchBrowser(java.lang.String)[pri:0, instance:tests.VerifyHeadersOfApplication@4567f35d]" started-at="2022-07-13T14:49:03 IST" name="launchBrowser" finished-at="2022-07-13T14:49:08 IST" duration-ms="4841" status="PASS">
          <params>
            <param index="0">
              <value>
                <![CDATA[Firefox]]>
              </value>
            </param>
          </params>
          <reporter-output>
          </reporter-output>
        </test-method> <!-- launchBrowser -->
        <test-method is-config="true" signature="createPOMObjects()[pri:0, instance:tests.VerifyHeadersOfApplication@4567f35d]" started-at="2022-07-13T14:49:08 IST" name="createPOMObjects" finished-at="2022-07-13T14:49:08 IST" duration-ms="3" status="PASS">
          <reporter-output>
          </reporter-output>
        </test-method> <!-- createPOMObjects -->
        <test-method is-config="true" signature="loginToApplication()[pri:0, instance:tests.VerifyHeadersOfApplication@4567f35d]" started-at="2022-07-13T14:49:08 IST" name="loginToApplication" finished-at="2022-07-13T14:49:09 IST" duration-ms="1689" status="PASS">
          <reporter-output>
          </reporter-output>
        </test-method> <!-- loginToApplication -->
        <test-method signature="toVerifyTimeTrackTab()[pri:1, instance:tests.VerifyHeadersOfApplication@4567f35d]" started-at="2022-07-13T14:49:09 IST" name="toVerifyTimeTrackTab" finished-at="2022-07-13T14:49:10 IST" duration-ms="243" status="FAIL">
          <exception class="java.lang.AssertionError">
            <message>
              <![CDATA[Time-Track Page Title does not match expected [actiTIME - Enter Time-Trac] but found [actiTIME - Enter Time-Track]]]>
            </message>
            <full-stacktrace>
              <![CDATA[java.lang.AssertionError: Time-Track Page Title does not match expected [actiTIME - Enter Time-Trac] but found [actiTIME - Enter Time-Track]
at org.testng.Assert.fail(Assert.java:99)
at org.testng.Assert.failNotEquals(Assert.java:1037)
at org.testng.Assert.assertEqualsImpl(Assert.java:140)
at org.testng.Assert.assertEquals(Assert.java:122)
at org.testng.Assert.assertEquals(Assert.java:629)
at tests.VerifyHeadersOfApplication.toVerifyTimeTrackTab(VerifyHeadersOfApplication.java:92)
at java.base/jdk.internal.reflect.NativeMethodAccessorImpl.invoke0(Native Method)
at java.base/jdk.internal.reflect.NativeMethodAccessorImpl.invoke(NativeMethodAccessorImpl.java:78)
at java.base/jdk.internal.reflect.DelegatingMethodAccessorImpl.invoke(DelegatingMethodAccessorImpl.java:43)
at java.base/java.lang.reflect.Method.invoke(Method.java:567)
at org.testng.internal.MethodInvocationHelper.invokeMethod(MethodInvocationHelper.java:133)
at org.testng.internal.TestInvoker.invokeMethod(TestInvoker.java:598)
at org.testng.internal.TestInvoker.invokeTestMethod(TestInvoker.java:173)
at org.testng.internal.MethodRunner.runInSequence(MethodRunner.java:46)
at org.testng.internal.TestInvoker$MethodInvocationAgent.invoke(TestInvoker.java:824)
at org.testng.internal.TestInvoker.invokeTestMethods(TestInvoker.java:146)
at org.testng.internal.TestMethodWorker.invokeTestMethods(TestMethodWorker.java:146)
at org.testng.internal.TestMethodWorker.run(TestMethodWorker.java:128)
at java.base/java.util.ArrayList.forEach(ArrayList.java:1511)
at org.testng.TestRunner.privateRun(TestRunner.java:794)
at org.testng.TestRunner.run(TestRunner.java:596)
at org.testng.SuiteRunner.runTest(SuiteRunner.java:377)
at org.testng.SuiteRunner.runSequentially(SuiteRunner.java:371)
at org.testng.SuiteRunner.privateRun(SuiteRunner.java:332)
at org.testng.SuiteRunner.run(SuiteRunner.java:276)
at org.testng.SuiteRunnerWorker.runSuite(SuiteRunnerWorker.java:53)
at org.testng.SuiteRunnerWorker.run(SuiteRunnerWorker.java:96)
at org.testng.TestNG.runSuitesSequentially(TestNG.java:1212)
at org.testng.TestNG.runSuitesLocally(TestNG.java:1134)
at org.testng.TestNG.runSuites(TestNG.java:1063)
at org.testng.TestNG.run(TestNG.java:1031)
at org.testng.remote.AbstractRemoteTestNG.run(AbstractRemoteTestNG.java:115)
at org.testng.remote.RemoteTestNG.initAndRun(RemoteTestNG.java:251)
at org.testng.remote.RemoteTestNG.main(RemoteTestNG.java:77)
]]>
            </full-stacktrace>
          </exception> <!-- java.lang.AssertionError -->
          <reporter-output>
          </reporter-output>
        </test-method> <!-- toVerifyTimeTrackTab -->
        <test-method is-config="true" signature="logoutFromApplication(org.testng.ITestResult)[pri:0, instance:tests.VerifyHeadersOfApplication@4567f35d]" started-at="2022-07-13T14:49:10 IST" name="logoutFromApplication" finished-at="2022-07-13T14:49:10 IST" duration-ms="215" status="PASS">
          <params>
            <param index="0">
              <value>
                <![CDATA[[TestResult name=toVerifyTimeTrackTab status=FAILURE method=VerifyHeadersOfApplication.toVerifyTimeTrackTab()[pri:1, instance:tests.VerifyHeadersOfApplication@4567f35d] output={null}]]]>
              </value>
            </param>
          </params>
          <reporter-output>
          </reporter-output>
        </test-method> <!-- logoutFromApplication -->
        <test-method is-config="true" signature="loginToApplication()[pri:0, instance:tests.VerifyHeadersOfApplication@4567f35d]" started-at="2022-07-13T14:49:10 IST" name="loginToApplication" finished-at="2022-07-13T14:49:11 IST" duration-ms="856" status="PASS">
          <reporter-output>
          </reporter-output>
        </test-method> <!-- loginToApplication -->
        <test-method signature="toVerifyTaskTab()[pri:2, instance:tests.VerifyHeadersOfApplication@4567f35d]" started-at="2022-07-13T14:49:11 IST" name="toVerifyTaskTab" finished-at="2022-07-13T14:49:11 IST" duration-ms="741" status="PASS">
          <reporter-output>
          </reporter-output>
        </test-method> <!-- toVerifyTaskTab -->
        <test-method is-config="true" signature="logoutFromApplication(org.testng.ITestResult)[pri:0, instance:tests.VerifyHeadersOfApplication@4567f35d]" started-at="2022-07-13T14:49:11 IST" name="logoutFromApplication" finished-at="2022-07-13T14:49:12 IST" duration-ms="188" status="PASS">
          <params>
            <param index="0">
              <value>
                <![CDATA[[TestResult name=toVerifyTaskTab status=SUCCESS method=VerifyHeadersOfApplication.toVerifyTaskTab()[pri:2, instance:tests.VerifyHeadersOfApplication@4567f35d] output={null}]]]>
              </value>
            </param>
          </params>
          <reporter-output>
          </reporter-output>
        </test-method> <!-- logoutFromApplication -->
        <test-method is-config="true" signature="loginToApplication()[pri:0, instance:tests.VerifyHeadersOfApplication@4567f35d]" started-at="2022-07-13T14:49:12 IST" name="loginToApplication" finished-at="2022-07-13T14:49:13 IST" duration-ms="901" status="PASS">
          <reporter-output>
          </reporter-output>
        </test-method> <!-- loginToApplication -->
        <test-method signature="toVerifyReportsTab()[pri:3, instance:tests.VerifyHeadersOfApplication@4567f35d]" started-at="2022-07-13T14:49:13 IST" name="toVerifyReportsTab" finished-at="2022-07-13T14:49:13 IST" duration-ms="518" status="PASS">
          <reporter-output>
          </reporter-output>
        </test-method> <!-- toVerifyReportsTab -->
        <test-method is-config="true" signature="logoutFromApplication(org.testng.ITestResult)[pri:0, instance:tests.VerifyHeadersOfApplication@4567f35d]" started-at="2022-07-13T14:49:13 IST" name="logoutFromApplication" finished-at="2022-07-13T14:49:13 IST" duration-ms="143" status="PASS">
          <params>
            <param index="0">
              <value>
                <![CDATA[[TestResult name=toVerifyReportsTab status=SUCCESS method=VerifyHeadersOfApplication.toVerifyReportsTab()[pri:3, instance:tests.VerifyHeadersOfApplication@4567f35d] output={null}]]]>
              </value>
            </param>
          </params>
          <reporter-output>
          </reporter-output>
        </test-method> <!-- logoutFromApplication -->
        <test-method is-config="true" signature="loginToApplication()[pri:0, instance:tests.VerifyHeadersOfApplication@4567f35d]" started-at="2022-07-13T14:49:13 IST" name="loginToApplication" finished-at="2022-07-13T14:49:14 IST" duration-ms="900" status="PASS">
          <reporter-output>
          </reporter-output>
        </test-method> <!-- loginToApplication -->
        <test-method signature="toVerifyUsersTab()[pri:4, instance:tests.VerifyHeadersOfApplication@4567f35d]" started-at="2022-07-13T14:49:14 IST" name="toVerifyUsersTab" finished-at="2022-07-13T14:49:15 IST" duration-ms="1062" status="PASS">
          <reporter-output>
          </reporter-output>
        </test-method> <!-- toVerifyUsersTab -->
        <test-method is-config="true" signature="logoutFromApplication(org.testng.ITestResult)[pri:0, instance:tests.VerifyHeadersOfApplication@4567f35d]" started-at="2022-07-13T14:49:15 IST" name="logoutFromApplication" finished-at="2022-07-13T14:49:15 IST" duration-ms="126" status="PASS">
          <params>
            <param index="0">
              <value>
                <![CDATA[[TestResult name=toVerifyUsersTab status=SUCCESS method=VerifyHeadersOfApplication.toVerifyUsersTab()[pri:4, instance:tests.VerifyHeadersOfApplication@4567f35d] output={null}]]]>
              </value>
            </param>
          </params>
          <reporter-output>
          </reporter-output>
        </test-method> <!-- logoutFromApplication -->
        <test-method is-config="true" signature="loginToApplication()[pri:0, instance:tests.VerifyHeadersOfApplication@4567f35d]" started-at="2022-07-13T14:49:15 IST" name="loginToApplication" finished-at="2022-07-13T14:49:16 IST" duration-ms="940" status="PASS">
          <reporter-output>
          </reporter-output>
        </test-method> <!-- loginToApplication -->
        <test-method signature="toVerifyWorkSchedule()[pri:5, instance:tests.VerifyHeadersOfApplication@4567f35d]" started-at="2022-07-13T14:49:16 IST" name="toVerifyWorkSchedule" finished-at="2022-07-13T14:49:16 IST" duration-ms="199" status="PASS">
          <reporter-output>
          </reporter-output>
        </test-method> <!-- toVerifyWorkSchedule -->
        <test-method is-config="true" signature="logoutFromApplication(org.testng.ITestResult)[pri:0, instance:tests.VerifyHeadersOfApplication@4567f35d]" started-at="2022-07-13T14:49:16 IST" name="logoutFromApplication" finished-at="2022-07-13T14:49:17 IST" duration-ms="132" status="PASS">
          <params>
            <param index="0">
              <value>
                <![CDATA[[TestResult name=toVerifyWorkSchedule status=SUCCESS method=VerifyHeadersOfApplication.toVerifyWorkSchedule()[pri:5, instance:tests.VerifyHeadersOfApplication@4567f35d] output={null}]]]>
              </value>
            </param>
          </params>
          <reporter-output>
          </reporter-output>
        </test-method> <!-- logoutFromApplication -->
        <test-method is-config="true" signature="clearPOMObjects()[pri:0, instance:tests.VerifyHeadersOfApplication@4567f35d]" started-at="2022-07-13T14:49:17 IST" name="clearPOMObjects" finished-at="2022-07-13T14:49:17 IST" duration-ms="0" status="PASS">
          <reporter-output>
          </reporter-output>
        </test-method> <!-- clearPOMObjects -->
        <test-method is-config="true" signature="closeBrowser()[pri:0, instance:tests.VerifyHeadersOfApplication@4567f35d]" started-at="2022-07-13T14:49:17 IST" name="closeBrowser" finished-at="2022-07-13T14:49:19 IST" duration-ms="2605" status="PASS">
          <reporter-output>
          </reporter-output>
        </test-method> <!-- closeBrowser -->
      </class> <!-- tests.VerifyHeadersOfApplication -->
    </test> <!-- FirefoxTest -->
    <test started-at="2022-07-13T14:49:19 IST" name="MSEdgeTest" finished-at="2022-07-13T14:49:40 IST" duration-ms="20660">
      <class name="tests.validate">
        <test-method is-config="true" signature="beforeMethod()[pri:0, instance:tests.validate@1fa268de]" started-at="2022-07-13T14:49:22 IST" name="beforeMethod" finished-at="2022-07-13T14:49:22 IST" duration-ms="0" status="PASS">
          <reporter-output>
          </reporter-output>
        </test-method> <!-- beforeMethod -->
        <test-method is-config="true" signature="beforeClass()[pri:0, instance:tests.validate@1fa268de]" started-at="2022-07-13T14:49:22 IST" name="beforeClass" finished-at="2022-07-13T14:49:22 IST" duration-ms="0" status="PASS">
          <reporter-output>
          </reporter-output>
        </test-method> <!-- beforeClass -->
        <test-method signature="test1()[pri:0, instance:tests.validate@1fa268de]" started-at="2022-07-13T14:49:22 IST" name="test1" finished-at="2022-07-13T14:49:22 IST" duration-ms="1" status="PASS">
          <reporter-output>
          </reporter-output>
        </test-method> <!-- test1 -->
        <test-method is-config="true" signature="afterClass()[pri:0, instance:tests.validate@1fa268de]" started-at="2022-07-13T14:49:22 IST" name="afterClass" finished-at="2022-07-13T14:49:22 IST" duration-ms="0" status="PASS">
          <reporter-output>
          </reporter-output>
        </test-method> <!-- afterClass -->
        <test-method is-config="true" signature="afterMethod()[pri:0, instance:tests.validate@1fa268de]" started-at="2022-07-13T14:49:22 IST" name="afterMethod" finished-at="2022-07-13T14:49:22 IST" duration-ms="0" status="PASS">
          <reporter-output>
          </reporter-output>
        </test-method> <!-- afterMethod -->
      </class> <!-- tests.validate -->
      <class name="tests.VerifyHeadersOfApplication">
        <test-method is-config="true" signature="launchBrowser(java.lang.String)[pri:0, instance:tests.VerifyHeadersOfApplication@4f6ee6e4]" started-at="2022-07-13T14:49:19 IST" name="launchBrowser" finished-at="2022-07-13T14:49:22 IST" duration-ms="2631" status="PASS">
          <params>
            <param index="0">
              <value>
                <![CDATA[Edge]]>
              </value>
            </param>
          </params>
          <reporter-output>
          </reporter-output>
        </test-method> <!-- launchBrowser -->
        <test-method is-config="true" signature="createPOMObjects()[pri:0, instance:tests.VerifyHeadersOfApplication@4f6ee6e4]" started-at="2022-07-13T14:49:22 IST" name="createPOMObjects" finished-at="2022-07-13T14:49:22 IST" duration-ms="2" status="PASS">
          <reporter-output>
          </reporter-output>
        </test-method> <!-- createPOMObjects -->
        <test-method is-config="true" signature="loginToApplication()[pri:0, instance:tests.VerifyHeadersOfApplication@4f6ee6e4]" started-at="2022-07-13T14:49:22 IST" name="loginToApplication" finished-at="2022-07-13T14:49:25 IST" duration-ms="3016" status="PASS">
          <reporter-output>
          </reporter-output>
        </test-method> <!-- loginToApplication -->
        <test-method signature="toVerifyTimeTrackTab()[pri:1, instance:tests.VerifyHeadersOfApplication@4f6ee6e4]" started-at="2022-07-13T14:49:25 IST" name="toVerifyTimeTrackTab" finished-at="2022-07-13T14:49:30 IST" duration-ms="5101" status="FAIL">
          <exception class="java.lang.AssertionError">
            <message>
              <![CDATA[Time-Track Page Title does not match expected [actiTIME - Enter Time-Trac] but found [actiTIME - Enter Time-Track]]]>
            </message>
            <full-stacktrace>
              <![CDATA[java.lang.AssertionError: Time-Track Page Title does not match expected [actiTIME - Enter Time-Trac] but found [actiTIME - Enter Time-Track]
at org.testng.Assert.fail(Assert.java:99)
at org.testng.Assert.failNotEquals(Assert.java:1037)
at org.testng.Assert.assertEqualsImpl(Assert.java:140)
at org.testng.Assert.assertEquals(Assert.java:122)
at org.testng.Assert.assertEquals(Assert.java:629)
at tests.VerifyHeadersOfApplication.toVerifyTimeTrackTab(VerifyHeadersOfApplication.java:92)
at java.base/jdk.internal.reflect.NativeMethodAccessorImpl.invoke0(Native Method)
at java.base/jdk.internal.reflect.NativeMethodAccessorImpl.invoke(NativeMethodAccessorImpl.java:78)
at java.base/jdk.internal.reflect.DelegatingMethodAccessorImpl.invoke(DelegatingMethodAccessorImpl.java:43)
at java.base/java.lang.reflect.Method.invoke(Method.java:567)
at org.testng.internal.MethodInvocationHelper.invokeMethod(MethodInvocationHelper.java:133)
at org.testng.internal.TestInvoker.invokeMethod(TestInvoker.java:598)
at org.testng.internal.TestInvoker.invokeTestMethod(TestInvoker.java:173)
at org.testng.internal.MethodRunner.runInSequence(MethodRunner.java:46)
at org.testng.internal.TestInvoker$MethodInvocationAgent.invoke(TestInvoker.java:824)
at org.testng.internal.TestInvoker.invokeTestMethods(TestInvoker.java:146)
at org.testng.internal.TestMethodWorker.invokeTestMethods(TestMethodWorker.java:146)
at org.testng.internal.TestMethodWorker.run(TestMethodWorker.java:128)
at java.base/java.util.ArrayList.forEach(ArrayList.java:1511)
at org.testng.TestRunner.privateRun(TestRunner.java:794)
at org.testng.TestRunner.run(TestRunner.java:596)
at org.testng.SuiteRunner.runTest(SuiteRunner.java:377)
at org.testng.SuiteRunner.runSequentially(SuiteRunner.java:371)
at org.testng.SuiteRunner.privateRun(SuiteRunner.java:332)
at org.testng.SuiteRunner.run(SuiteRunner.java:276)
at org.testng.SuiteRunnerWorker.runSuite(SuiteRunnerWorker.java:53)
at org.testng.SuiteRunnerWorker.run(SuiteRunnerWorker.java:96)
at org.testng.TestNG.runSuitesSequentially(TestNG.java:1212)
at org.testng.TestNG.runSuitesLocally(TestNG.java:1134)
at org.testng.TestNG.runSuites(TestNG.java:1063)
at org.testng.TestNG.run(TestNG.java:1031)
at org.testng.remote.AbstractRemoteTestNG.run(AbstractRemoteTestNG.java:115)
at org.testng.remote.RemoteTestNG.initAndRun(RemoteTestNG.java:251)
at org.testng.remote.RemoteTestNG.main(RemoteTestNG.java:77)
]]>
            </full-stacktrace>
          </exception> <!-- java.lang.AssertionError -->
          <reporter-output>
          </reporter-output>
        </test-method> <!-- toVerifyTimeTrackTab -->
        <test-method is-config="true" signature="logoutFromApplication(org.testng.ITestResult)[pri:0, instance:tests.VerifyHeadersOfApplication@4f6ee6e4]" started-at="2022-07-13T14:49:30 IST" name="logoutFromApplication" finished-at="2022-07-13T14:49:30 IST" duration-ms="437" status="PASS">
          <params>
            <param index="0">
              <value>
                <![CDATA[[TestResult name=toVerifyTimeTrackTab status=FAILURE method=VerifyHeadersOfApplication.toVerifyTimeTrackTab()[pri:1, instance:tests.VerifyHeadersOfApplication@4f6ee6e4] output={null}]]]>
              </value>
            </param>
          </params>
          <reporter-output>
          </reporter-output>
        </test-method> <!-- logoutFromApplication -->
        <test-method is-config="true" signature="loginToApplication()[pri:0, instance:tests.VerifyHeadersOfApplication@4f6ee6e4]" started-at="2022-07-13T14:49:30 IST" name="loginToApplication" finished-at="2022-07-13T14:49:31 IST" duration-ms="287" status="PASS">
          <reporter-output>
          </reporter-output>
        </test-method> <!-- loginToApplication -->
        <test-method signature="toVerifyTaskTab()[pri:2, instance:tests.VerifyHeadersOfApplication@4f6ee6e4]" started-at="2022-07-13T14:49:31 IST" name="toVerifyTaskTab" finished-at="2022-07-13T14:49:34 IST" duration-ms="2977" status="PASS">
          <reporter-output>
          </reporter-output>
        </test-method> <!-- toVerifyTaskTab -->
        <test-method is-config="true" signature="logoutFromApplication(org.testng.ITestResult)[pri:0, instance:tests.VerifyHeadersOfApplication@4f6ee6e4]" started-at="2022-07-13T14:49:34 IST" name="logoutFromApplication" finished-at="2022-07-13T14:49:34 IST" duration-ms="471" status="PASS">
          <params>
            <param index="0">
              <value>
                <![CDATA[[TestResult name=toVerifyTaskTab status=SUCCESS method=VerifyHeadersOfApplication.toVerifyTaskTab()[pri:2, instance:tests.VerifyHeadersOfApplication@4f6ee6e4] output={null}]]]>
              </value>
            </param>
          </params>
          <reporter-output>
          </reporter-output>
        </test-method> <!-- logoutFromApplication -->
        <test-method is-config="true" signature="loginToApplication()[pri:0, instance:tests.VerifyHeadersOfApplication@4f6ee6e4]" started-at="2022-07-13T14:49:34 IST" name="loginToApplication" finished-at="2022-07-13T14:49:34 IST" duration-ms="347" status="PASS">
          <reporter-output>
          </reporter-output>
        </test-method> <!-- loginToApplication -->
        <test-method signature="toVerifyReportsTab()[pri:3, instance:tests.VerifyHeadersOfApplication@4f6ee6e4]" started-at="2022-07-13T14:49:34 IST" name="toVerifyReportsTab" finished-at="2022-07-13T14:49:35 IST" duration-ms="794" status="PASS">
          <reporter-output>
          </reporter-output>
        </test-method> <!-- toVerifyReportsTab -->
        <test-method is-config="true" signature="logoutFromApplication(org.testng.ITestResult)[pri:0, instance:tests.VerifyHeadersOfApplication@4f6ee6e4]" started-at="2022-07-13T14:49:35 IST" name="logoutFromApplication" finished-at="2022-07-13T14:49:35 IST" duration-ms="202" status="PASS">
          <params>
            <param index="0">
              <value>
                <![CDATA[[TestResult name=toVerifyReportsTab status=SUCCESS method=VerifyHeadersOfApplication.toVerifyReportsTab()[pri:3, instance:tests.VerifyHeadersOfApplication@4f6ee6e4] output={null}]]]>
              </value>
            </param>
          </params>
          <reporter-output>
          </reporter-output>
        </test-method> <!-- logoutFromApplication -->
        <test-method is-config="true" signature="loginToApplication()[pri:0, instance:tests.VerifyHeadersOfApplication@4f6ee6e4]" started-at="2022-07-13T14:49:35 IST" name="loginToApplication" finished-at="2022-07-13T14:49:36 IST" duration-ms="313" status="PASS">
          <reporter-output>
          </reporter-output>
        </test-method> <!-- loginToApplication -->
        <test-method signature="toVerifyUsersTab()[pri:4, instance:tests.VerifyHeadersOfApplication@4f6ee6e4]" started-at="2022-07-13T14:49:36 IST" name="toVerifyUsersTab" finished-at="2022-07-13T14:49:38 IST" duration-ms="2261" status="PASS">
          <reporter-output>
          </reporter-output>
        </test-method> <!-- toVerifyUsersTab -->
        <test-method is-config="true" signature="logoutFromApplication(org.testng.ITestResult)[pri:0, instance:tests.VerifyHeadersOfApplication@4f6ee6e4]" started-at="2022-07-13T14:49:38 IST" name="logoutFromApplication" finished-at="2022-07-13T14:49:38 IST" duration-ms="152" status="PASS">
          <params>
            <param index="0">
              <value>
                <![CDATA[[TestResult name=toVerifyUsersTab status=SUCCESS method=VerifyHeadersOfApplication.toVerifyUsersTab()[pri:4, instance:tests.VerifyHeadersOfApplication@4f6ee6e4] output={null}]]]>
              </value>
            </param>
          </params>
          <reporter-output>
          </reporter-output>
        </test-method> <!-- logoutFromApplication -->
        <test-method is-config="true" signature="loginToApplication()[pri:0, instance:tests.VerifyHeadersOfApplication@4f6ee6e4]" started-at="2022-07-13T14:49:38 IST" name="loginToApplication" finished-at="2022-07-13T14:49:39 IST" duration-ms="615" status="PASS">
          <reporter-output>
          </reporter-output>
        </test-method> <!-- loginToApplication -->
        <test-method signature="toVerifyWorkSchedule()[pri:5, instance:tests.VerifyHeadersOfApplication@4f6ee6e4]" started-at="2022-07-13T14:49:39 IST" name="toVerifyWorkSchedule" finished-at="2022-07-13T14:49:39 IST" duration-ms="571" status="PASS">
          <reporter-output>
          </reporter-output>
        </test-method> <!-- toVerifyWorkSchedule -->
        <test-method is-config="true" signature="logoutFromApplication(org.testng.ITestResult)[pri:0, instance:tests.VerifyHeadersOfApplication@4f6ee6e4]" started-at="2022-07-13T14:49:39 IST" name="logoutFromApplication" finished-at="2022-07-13T14:49:39 IST" duration-ms="127" status="PASS">
          <params>
            <param index="0">
              <value>
                <![CDATA[[TestResult name=toVerifyWorkSchedule status=SUCCESS method=VerifyHeadersOfApplication.toVerifyWorkSchedule()[pri:5, instance:tests.VerifyHeadersOfApplication@4f6ee6e4] output={null}]]]>
              </value>
            </param>
          </params>
          <reporter-output>
          </reporter-output>
        </test-method> <!-- logoutFromApplication -->
        <test-method is-config="true" signature="closeBrowser()[pri:0, instance:tests.VerifyHeadersOfApplication@4f6ee6e4]" started-at="2022-07-13T14:49:39 IST" name="closeBrowser" finished-at="2022-07-13T14:49:40 IST" duration-ms="341" status="PASS">
          <reporter-output>
          </reporter-output>
        </test-method> <!-- closeBrowser -->
        <test-method is-config="true" signature="clearPOMObjects()[pri:0, instance:tests.VerifyHeadersOfApplication@4f6ee6e4]" started-at="2022-07-13T14:49:39 IST" name="clearPOMObjects" finished-at="2022-07-13T14:49:39 IST" duration-ms="0" status="PASS">
          <reporter-output>
          </reporter-output>
        </test-method> <!-- clearPOMObjects -->
      </class> <!-- tests.VerifyHeadersOfApplication -->
    </test> <!-- MSEdgeTest -->
  </suite> <!-- Suite -->
</testng-results>
