<?xml version="1.0" encoding="UTF-8"?>
<!-- Generated by org.testng.reporters.JUnitXMLReporter -->
<testsuite ignored="0" hostname="Dell-PC" failures="1" tests="6" name="MSEdgeTest" time="20.477" errors="0" timestamp="2022-07-14T23:16:23 IST">
  <testcase classname="tests.validate" name="test1" time="0.0"/>
  <testcase classname="tests.VerifyHeadersOfApplication" name="toVerifyTimeTrackTab" time="4.86">
    <failure type="java.lang.AssertionError" message="Time-Track Page Title does not match expected [actiTIME - Enter Time-Trac] but found [actiTIME - Enter Time-Track]">
      <![CDATA[java.lang.AssertionError: Time-Track Page Title does not match expected [actiTIME - Enter Time-Trac] but found [actiTIME - Enter Time-Track]
at tests.VerifyHeadersOfApplication.toVerifyTimeTrackTab(VerifyHeadersOfApplication.java:92)
at java.base/java.util.ArrayList.forEach(ArrayList.java:1511)
... Removed 32 stack frames]]>
    </failure>
  </testcase> <!-- toVerifyTimeTrackTab -->
  <testcase classname="tests.VerifyHeadersOfApplication" name="toVerifyTaskTab" time="2.588"/>
  <testcase classname="tests.VerifyHeadersOfApplication" name="toVerifyReportsTab" time="0.674"/>
  <testcase classname="tests.VerifyHeadersOfApplication" name="toVerifyUsersTab" time="4.301"/>
  <testcase classname="tests.VerifyHeadersOfApplication" name="toVerifyWorkSchedule" time="0.581"/>
</testsuite> <!-- MSEdgeTest -->
