<?xml version="1.0" encoding="UTF-8"?>
<testng-results ignored="0" total="18" passed="15" failed="3" skipped="0">
  <reporter-output>
  </reporter-output>
  <suite started-at="2022-07-13T13:03:22 IST" name="Suite" finished-at="2022-07-13T13:04:17 IST" duration-ms="54931">
    <groups>
    </groups>
    <test started-at="2022-07-13T13:03:22 IST" name="ChromeTest" finished-at="2022-07-13T13:03:38 IST" duration-ms="16164">
      <class name="tests.validate">
        <test-method is-config="true" signature="beforeClass()[pri:0, instance:tests.validate@481a996b]" started-at="2022-07-13T13:03:24 IST" name="beforeClass" finished-at="2022-07-13T13:03:24 IST" duration-ms="1" status="PASS">
          <reporter-output>
          </reporter-output>
        </test-method> <!-- beforeClass -->
        <test-method is-config="true" signature="beforeMethod()[pri:0, instance:tests.validate@481a996b]" started-at="2022-07-13T13:03:24 IST" name="beforeMethod" finished-at="2022-07-13T13:03:24 IST" duration-ms="1" status="PASS">
          <reporter-output>
          </reporter-output>
        </test-method> <!-- beforeMethod -->
        <test-method signature="test1()[pri:0, instance:tests.validate@481a996b]" started-at="2022-07-13T13:03:24 IST" name="test1" finished-at="2022-07-13T13:03:24 IST" duration-ms="6" status="PASS">
          <reporter-output>
          </reporter-output>
        </test-method> <!-- test1 -->
        <test-method is-config="true" signature="afterMethod()[pri:0, instance:tests.validate@481a996b]" started-at="2022-07-13T13:03:24 IST" name="afterMethod" finished-at="2022-07-13T13:03:24 IST" duration-ms="1" status="PASS">
          <reporter-output>
          </reporter-output>
        </test-method> <!-- afterMethod -->
        <test-method is-config="true" signature="afterClass()[pri:0, instance:tests.validate@481a996b]" started-at="2022-07-13T13:03:24 IST" name="afterClass" finished-at="2022-07-13T13:03:24 IST" duration-ms="0" status="PASS">
          <reporter-output>
          </reporter-output>
        </test-method> <!-- afterClass -->
      </class> <!-- tests.validate -->
      <class name="tests.VerifyHeadersOfApplication">
        <test-method is-config="true" signature="launchBrowser(java.lang.String)[pri:0, instance:tests.VerifyHeadersOfApplication@c33b74f]" started-at="2022-07-13T13:03:22 IST" name="launchBrowser" finished-at="2022-07-13T13:03:24 IST" duration-ms="2309" status="PASS">
          <params>
            <param index="0">
              <value>
                <![CDATA[Chrome]]>
              </value>
            </param>
          </params>
          <reporter-output>
          </reporter-output>
        </test-method> <!-- launchBrowser -->
        <test-method is-config="true" signature="createPOMObjects()[pri:0, instance:tests.VerifyHeadersOfApplication@c33b74f]" started-at="2022-07-13T13:03:24 IST" name="createPOMObjects" finished-at="2022-07-13T13:03:24 IST" duration-ms="33" status="PASS">
          <reporter-output>
          </reporter-output>
        </test-method> <!-- createPOMObjects -->
        <test-method is-config="true" signature="loginToApplication()[pri:0, instance:tests.VerifyHeadersOfApplication@c33b74f]" started-at="2022-07-13T13:03:24 IST" name="loginToApplication" finished-at="2022-07-13T13:03:27 IST" duration-ms="2949" status="PASS">
          <reporter-output>
          </reporter-output>
        </test-method> <!-- loginToApplication -->
        <test-method signature="toVerifyTimeTrackTab()[pri:1, instance:tests.VerifyHeadersOfApplication@c33b74f]" started-at="2022-07-13T13:03:27 IST" name="toVerifyTimeTrackTab" finished-at="2022-07-13T13:03:30 IST" duration-ms="2321" status="FAIL">
          <exception class="java.lang.AssertionError">
            <message>
              <![CDATA[Time-Track Page Title does not match expected [actiTIME - Enter Time-Trac] but found [actiTIME - Enter Time-Track]]]>
            </message>
            <full-stacktrace>
              <![CDATA[java.lang.AssertionError: Time-Track Page Title does not match expected [actiTIME - Enter Time-Trac] but found [actiTIME - Enter Time-Track]
at org.testng.Assert.fail(Assert.java:99)
at org.testng.Assert.failNotEquals(Assert.java:1037)
at org.testng.Assert.assertEqualsImpl(Assert.java:140)
at org.testng.Assert.assertEquals(Assert.java:122)
at org.testng.Assert.assertEquals(Assert.java:629)
at tests.VerifyHeadersOfApplication.toVerifyTimeTrackTab(VerifyHeadersOfApplication.java:92)
at java.base/jdk.internal.reflect.NativeMethodAccessorImpl.invoke0(Native Method)
at java.base/jdk.internal.reflect.NativeMethodAccessorImpl.invoke(NativeMethodAccessorImpl.java:78)
at java.base/jdk.internal.reflect.DelegatingMethodAccessorImpl.invoke(DelegatingMethodAccessorImpl.java:43)
at java.base/java.lang.reflect.Method.invoke(Method.java:567)
at org.testng.internal.MethodInvocationHelper.invokeMethod(MethodInvocationHelper.java:133)
at org.testng.internal.TestInvoker.invokeMethod(TestInvoker.java:598)
at org.testng.internal.TestInvoker.invokeTestMethod(TestInvoker.java:173)
at org.testng.internal.MethodRunner.runInSequence(MethodRunner.java:46)
at org.testng.internal.TestInvoker$MethodInvocationAgent.invoke(TestInvoker.java:824)
at org.testng.internal.TestInvoker.invokeTestMethods(TestInvoker.java:146)
at org.testng.internal.TestMethodWorker.invokeTestMethods(TestMethodWorker.java:146)
at org.testng.internal.TestMethodWorker.run(TestMethodWorker.java:128)
at java.base/java.util.ArrayList.forEach(ArrayList.java:1511)
at org.testng.TestRunner.privateRun(TestRunner.java:794)
at org.testng.TestRunner.run(TestRunner.java:596)
at org.testng.SuiteRunner.runTest(SuiteRunner.java:377)
at org.testng.SuiteRunner.runSequentially(SuiteRunner.java:371)
at org.testng.SuiteRunner.privateRun(SuiteRunner.java:332)
at org.testng.SuiteRunner.run(SuiteRunner.java:276)
at org.testng.SuiteRunnerWorker.runSuite(SuiteRunnerWorker.java:53)
at org.testng.SuiteRunnerWorker.run(SuiteRunnerWorker.java:96)
at org.testng.TestNG.runSuitesSequentially(TestNG.java:1212)
at org.testng.TestNG.runSuitesLocally(TestNG.java:1134)
at org.testng.TestNG.runSuites(TestNG.java:1063)
at org.testng.TestNG.run(TestNG.java:1031)
at org.testng.remote.AbstractRemoteTestNG.run(AbstractRemoteTestNG.java:115)
at org.testng.remote.RemoteTestNG.initAndRun(RemoteTestNG.java:251)
at org.testng.remote.RemoteTestNG.main(RemoteTestNG.java:77)
]]>
            </full-stacktrace>
          </exception> <!-- java.lang.AssertionError -->
          <reporter-output>
          </reporter-output>
        </test-method> <!-- toVerifyTimeTrackTab -->
        <test-method is-config="true" signature="logoutFromApplication(org.testng.ITestResult)[pri:0, instance:tests.VerifyHeadersOfApplication@c33b74f]" started-at="2022-07-13T13:03:30 IST" name="logoutFromApplication" finished-at="2022-07-13T13:03:30 IST" duration-ms="336" status="PASS">
          <params>
            <param index="0">
              <value>
                <![CDATA[[TestResult name=toVerifyTimeTrackTab status=FAILURE method=VerifyHeadersOfApplication.toVerifyTimeTrackTab()[pri:1, instance:tests.VerifyHeadersOfApplication@c33b74f] output={null}]]]>
              </value>
            </param>
          </params>
          <reporter-output>
          </reporter-output>
        </test-method> <!-- logoutFromApplication -->
        <test-method is-config="true" signature="loginToApplication()[pri:0, instance:tests.VerifyHeadersOfApplication@c33b74f]" started-at="2022-07-13T13:03:30 IST" name="loginToApplication" finished-at="2022-07-13T13:03:30 IST" duration-ms="274" status="PASS">
          <reporter-output>
          </reporter-output>
        </test-method> <!-- loginToApplication -->
        <test-method signature="toVerifyTaskTab()[pri:2, instance:tests.VerifyHeadersOfApplication@c33b74f]" started-at="2022-07-13T13:03:30 IST" name="toVerifyTaskTab" finished-at="2022-07-13T13:03:31 IST" duration-ms="839" status="PASS">
          <reporter-output>
          </reporter-output>
        </test-method> <!-- toVerifyTaskTab -->
        <test-method is-config="true" signature="logoutFromApplication(org.testng.ITestResult)[pri:0, instance:tests.VerifyHeadersOfApplication@c33b74f]" started-at="2022-07-13T13:03:31 IST" name="logoutFromApplication" finished-at="2022-07-13T13:03:31 IST" duration-ms="235" status="PASS">
          <params>
            <param index="0">
              <value>
                <![CDATA[[TestResult name=toVerifyTaskTab status=SUCCESS method=VerifyHeadersOfApplication.toVerifyTaskTab()[pri:2, instance:tests.VerifyHeadersOfApplication@c33b74f] output={null}]]]>
              </value>
            </param>
          </params>
          <reporter-output>
          </reporter-output>
        </test-method> <!-- logoutFromApplication -->
        <test-method is-config="true" signature="loginToApplication()[pri:0, instance:tests.VerifyHeadersOfApplication@c33b74f]" started-at="2022-07-13T13:03:31 IST" name="loginToApplication" finished-at="2022-07-13T13:03:32 IST" duration-ms="280" status="PASS">
          <reporter-output>
          </reporter-output>
        </test-method> <!-- loginToApplication -->
        <test-method signature="toVerifyReportsTab()[pri:3, instance:tests.VerifyHeadersOfApplication@c33b74f]" started-at="2022-07-13T13:03:32 IST" name="toVerifyReportsTab" finished-at="2022-07-13T13:03:32 IST" duration-ms="908" status="PASS">
          <reporter-output>
          </reporter-output>
        </test-method> <!-- toVerifyReportsTab -->
        <test-method is-config="true" signature="logoutFromApplication(org.testng.ITestResult)[pri:0, instance:tests.VerifyHeadersOfApplication@c33b74f]" started-at="2022-07-13T13:03:32 IST" name="logoutFromApplication" finished-at="2022-07-13T13:03:33 IST" duration-ms="118" status="PASS">
          <params>
            <param index="0">
              <value>
                <![CDATA[[TestResult name=toVerifyReportsTab status=SUCCESS method=VerifyHeadersOfApplication.toVerifyReportsTab()[pri:3, instance:tests.VerifyHeadersOfApplication@c33b74f] output={null}]]]>
              </value>
            </param>
          </params>
          <reporter-output>
          </reporter-output>
        </test-method> <!-- logoutFromApplication -->
        <test-method is-config="true" signature="loginToApplication()[pri:0, instance:tests.VerifyHeadersOfApplication@c33b74f]" started-at="2022-07-13T13:03:33 IST" name="loginToApplication" finished-at="2022-07-13T13:03:33 IST" duration-ms="277" status="PASS">
          <reporter-output>
          </reporter-output>
        </test-method> <!-- loginToApplication -->
        <test-method signature="toVerifyUsersTab()[pri:4, instance:tests.VerifyHeadersOfApplication@c33b74f]" started-at="2022-07-13T13:03:33 IST" name="toVerifyUsersTab" finished-at="2022-07-13T13:03:37 IST" duration-ms="3884" status="PASS">
          <reporter-output>
          </reporter-output>
        </test-method> <!-- toVerifyUsersTab -->
        <test-method is-config="true" signature="logoutFromApplication(org.testng.ITestResult)[pri:0, instance:tests.VerifyHeadersOfApplication@c33b74f]" started-at="2022-07-13T13:03:37 IST" name="logoutFromApplication" finished-at="2022-07-13T13:03:37 IST" duration-ms="145" status="PASS">
          <params>
            <param index="0">
              <value>
                <![CDATA[[TestResult name=toVerifyUsersTab status=SUCCESS method=VerifyHeadersOfApplication.toVerifyUsersTab()[pri:4, instance:tests.VerifyHeadersOfApplication@c33b74f] output={null}]]]>
              </value>
            </param>
          </params>
          <reporter-output>
          </reporter-output>
        </test-method> <!-- logoutFromApplication -->
        <test-method is-config="true" signature="loginToApplication()[pri:0, instance:tests.VerifyHeadersOfApplication@c33b74f]" started-at="2022-07-13T13:03:37 IST" name="loginToApplication" finished-at="2022-07-13T13:03:37 IST" duration-ms="286" status="PASS">
          <reporter-output>
          </reporter-output>
        </test-method> <!-- loginToApplication -->
        <test-method signature="toVerifyWorkSchedule()[pri:5, instance:tests.VerifyHeadersOfApplication@c33b74f]" started-at="2022-07-13T13:03:37 IST" name="toVerifyWorkSchedule" finished-at="2022-07-13T13:03:38 IST" duration-ms="471" status="PASS">
          <reporter-output>
          </reporter-output>
        </test-method> <!-- toVerifyWorkSchedule -->
        <test-method is-config="true" signature="logoutFromApplication(org.testng.ITestResult)[pri:0, instance:tests.VerifyHeadersOfApplication@c33b74f]" started-at="2022-07-13T13:03:38 IST" name="logoutFromApplication" finished-at="2022-07-13T13:03:38 IST" duration-ms="139" status="PASS">
          <params>
            <param index="0">
              <value>
                <![CDATA[[TestResult name=toVerifyWorkSchedule status=SUCCESS method=VerifyHeadersOfApplication.toVerifyWorkSchedule()[pri:5, instance:tests.VerifyHeadersOfApplication@c33b74f] output={null}]]]>
              </value>
            </param>
          </params>
          <reporter-output>
          </reporter-output>
        </test-method> <!-- logoutFromApplication -->
        <test-method is-config="true" signature="clearPOMObjects()[pri:0, instance:tests.VerifyHeadersOfApplication@c33b74f]" started-at="2022-07-13T13:03:38 IST" name="clearPOMObjects" finished-at="2022-07-13T13:03:38 IST" duration-ms="0" status="PASS">
          <reporter-output>
          </reporter-output>
        </test-method> <!-- clearPOMObjects -->
        <test-method is-config="true" signature="closeBrowser()[pri:0, instance:tests.VerifyHeadersOfApplication@c33b74f]" started-at="2022-07-13T13:03:38 IST" name="closeBrowser" finished-at="2022-07-13T13:03:38 IST" duration-ms="292" status="PASS">
          <reporter-output>
          </reporter-output>
        </test-method> <!-- closeBrowser -->
      </class> <!-- tests.VerifyHeadersOfApplication -->
    </test> <!-- ChromeTest -->
    <test started-at="2022-07-13T13:03:38 IST" name="FirefoxTest" finished-at="2022-07-13T13:03:56 IST" duration-ms="17833">
      <class name="tests.validate">
        <test-method is-config="true" signature="beforeClass()[pri:0, instance:tests.validate@44ebcd03]" started-at="2022-07-13T13:03:45 IST" name="beforeClass" finished-at="2022-07-13T13:03:45 IST" duration-ms="0" status="PASS">
          <reporter-output>
          </reporter-output>
        </test-method> <!-- beforeClass -->
        <test-method signature="test1()[pri:0, instance:tests.validate@44ebcd03]" started-at="2022-07-13T13:03:45 IST" name="test1" finished-at="2022-07-13T13:03:45 IST" duration-ms="1" status="PASS">
          <reporter-output>
          </reporter-output>
        </test-method> <!-- test1 -->
        <test-method is-config="true" signature="beforeMethod()[pri:0, instance:tests.validate@44ebcd03]" started-at="2022-07-13T13:03:45 IST" name="beforeMethod" finished-at="2022-07-13T13:03:45 IST" duration-ms="0" status="PASS">
          <reporter-output>
          </reporter-output>
        </test-method> <!-- beforeMethod -->
        <test-method is-config="true" signature="afterMethod()[pri:0, instance:tests.validate@44ebcd03]" started-at="2022-07-13T13:03:45 IST" name="afterMethod" finished-at="2022-07-13T13:03:45 IST" duration-ms="1" status="PASS">
          <reporter-output>
          </reporter-output>
        </test-method> <!-- afterMethod -->
        <test-method is-config="true" signature="afterClass()[pri:0, instance:tests.validate@44ebcd03]" started-at="2022-07-13T13:03:45 IST" name="afterClass" finished-at="2022-07-13T13:03:45 IST" duration-ms="0" status="PASS">
          <reporter-output>
          </reporter-output>
        </test-method> <!-- afterClass -->
      </class> <!-- tests.validate -->
      <class name="tests.VerifyHeadersOfApplication">
        <test-method is-config="true" signature="launchBrowser(java.lang.String)[pri:0, instance:tests.VerifyHeadersOfApplication@4567f35d]" started-at="2022-07-13T13:03:38 IST" name="launchBrowser" finished-at="2022-07-13T13:03:45 IST" duration-ms="6526" status="PASS">
          <params>
            <param index="0">
              <value>
                <![CDATA[Firefox]]>
              </value>
            </param>
          </params>
          <reporter-output>
          </reporter-output>
        </test-method> <!-- launchBrowser -->
        <test-method is-config="true" signature="createPOMObjects()[pri:0, instance:tests.VerifyHeadersOfApplication@4567f35d]" started-at="2022-07-13T13:03:45 IST" name="createPOMObjects" finished-at="2022-07-13T13:03:45 IST" duration-ms="2" status="PASS">
          <reporter-output>
          </reporter-output>
        </test-method> <!-- createPOMObjects -->
        <test-method is-config="true" signature="loginToApplication()[pri:0, instance:tests.VerifyHeadersOfApplication@4567f35d]" started-at="2022-07-13T13:03:45 IST" name="loginToApplication" finished-at="2022-07-13T13:03:46 IST" duration-ms="1690" status="PASS">
          <reporter-output>
          </reporter-output>
        </test-method> <!-- loginToApplication -->
        <test-method signature="toVerifyTimeTrackTab()[pri:1, instance:tests.VerifyHeadersOfApplication@4567f35d]" started-at="2022-07-13T13:03:46 IST" name="toVerifyTimeTrackTab" finished-at="2022-07-13T13:03:47 IST" duration-ms="233" status="FAIL">
          <exception class="java.lang.AssertionError">
            <message>
              <![CDATA[Time-Track Page Title does not match expected [actiTIME - Enter Time-Trac] but found [actiTIME - Enter Time-Track]]]>
            </message>
            <full-stacktrace>
              <![CDATA[java.lang.AssertionError: Time-Track Page Title does not match expected [actiTIME - Enter Time-Trac] but found [actiTIME - Enter Time-Track]
at org.testng.Assert.fail(Assert.java:99)
at org.testng.Assert.failNotEquals(Assert.java:1037)
at org.testng.Assert.assertEqualsImpl(Assert.java:140)
at org.testng.Assert.assertEquals(Assert.java:122)
at org.testng.Assert.assertEquals(Assert.java:629)
at tests.VerifyHeadersOfApplication.toVerifyTimeTrackTab(VerifyHeadersOfApplication.java:92)
at java.base/jdk.internal.reflect.NativeMethodAccessorImpl.invoke0(Native Method)
at java.base/jdk.internal.reflect.NativeMethodAccessorImpl.invoke(NativeMethodAccessorImpl.java:78)
at java.base/jdk.internal.reflect.DelegatingMethodAccessorImpl.invoke(DelegatingMethodAccessorImpl.java:43)
at java.base/java.lang.reflect.Method.invoke(Method.java:567)
at org.testng.internal.MethodInvocationHelper.invokeMethod(MethodInvocationHelper.java:133)
at org.testng.internal.TestInvoker.invokeMethod(TestInvoker.java:598)
at org.testng.internal.TestInvoker.invokeTestMethod(TestInvoker.java:173)
at org.testng.internal.MethodRunner.runInSequence(MethodRunner.java:46)
at org.testng.internal.TestInvoker$MethodInvocationAgent.invoke(TestInvoker.java:824)
at org.testng.internal.TestInvoker.invokeTestMethods(TestInvoker.java:146)
at org.testng.internal.TestMethodWorker.invokeTestMethods(TestMethodWorker.java:146)
at org.testng.internal.TestMethodWorker.run(TestMethodWorker.java:128)
at java.base/java.util.ArrayList.forEach(ArrayList.java:1511)
at org.testng.TestRunner.privateRun(TestRunner.java:794)
at org.testng.TestRunner.run(TestRunner.java:596)
at org.testng.SuiteRunner.runTest(SuiteRunner.java:377)
at org.testng.SuiteRunner.runSequentially(SuiteRunner.java:371)
at org.testng.SuiteRunner.privateRun(SuiteRunner.java:332)
at org.testng.SuiteRunner.run(SuiteRunner.java:276)
at org.testng.SuiteRunnerWorker.runSuite(SuiteRunnerWorker.java:53)
at org.testng.SuiteRunnerWorker.run(SuiteRunnerWorker.java:96)
at org.testng.TestNG.runSuitesSequentially(TestNG.java:1212)
at org.testng.TestNG.runSuitesLocally(TestNG.java:1134)
at org.testng.TestNG.runSuites(TestNG.java:1063)
at org.testng.TestNG.run(TestNG.java:1031)
at org.testng.remote.AbstractRemoteTestNG.run(AbstractRemoteTestNG.java:115)
at org.testng.remote.RemoteTestNG.initAndRun(RemoteTestNG.java:251)
at org.testng.remote.RemoteTestNG.main(RemoteTestNG.java:77)
]]>
            </full-stacktrace>
          </exception> <!-- java.lang.AssertionError -->
          <reporter-output>
          </reporter-output>
        </test-method> <!-- toVerifyTimeTrackTab -->
        <test-method is-config="true" signature="logoutFromApplication(org.testng.ITestResult)[pri:0, instance:tests.VerifyHeadersOfApplication@4567f35d]" started-at="2022-07-13T13:03:47 IST" name="logoutFromApplication" finished-at="2022-07-13T13:03:47 IST" duration-ms="277" status="PASS">
          <params>
            <param index="0">
              <value>
                <![CDATA[[TestResult name=toVerifyTimeTrackTab status=FAILURE method=VerifyHeadersOfApplication.toVerifyTimeTrackTab()[pri:1, instance:tests.VerifyHeadersOfApplication@4567f35d] output={null}]]]>
              </value>
            </param>
          </params>
          <reporter-output>
          </reporter-output>
        </test-method> <!-- logoutFromApplication -->
        <test-method is-config="true" signature="loginToApplication()[pri:0, instance:tests.VerifyHeadersOfApplication@4567f35d]" started-at="2022-07-13T13:03:47 IST" name="loginToApplication" finished-at="2022-07-13T13:03:48 IST" duration-ms="805" status="PASS">
          <reporter-output>
          </reporter-output>
        </test-method> <!-- loginToApplication -->
        <test-method signature="toVerifyTaskTab()[pri:2, instance:tests.VerifyHeadersOfApplication@4567f35d]" started-at="2022-07-13T13:03:48 IST" name="toVerifyTaskTab" finished-at="2022-07-13T13:03:49 IST" duration-ms="905" status="PASS">
          <reporter-output>
          </reporter-output>
        </test-method> <!-- toVerifyTaskTab -->
        <test-method is-config="true" signature="logoutFromApplication(org.testng.ITestResult)[pri:0, instance:tests.VerifyHeadersOfApplication@4567f35d]" started-at="2022-07-13T13:03:49 IST" name="logoutFromApplication" finished-at="2022-07-13T13:03:49 IST" duration-ms="142" status="PASS">
          <params>
            <param index="0">
              <value>
                <![CDATA[[TestResult name=toVerifyTaskTab status=SUCCESS method=VerifyHeadersOfApplication.toVerifyTaskTab()[pri:2, instance:tests.VerifyHeadersOfApplication@4567f35d] output={null}]]]>
              </value>
            </param>
          </params>
          <reporter-output>
          </reporter-output>
        </test-method> <!-- logoutFromApplication -->
        <test-method is-config="true" signature="loginToApplication()[pri:0, instance:tests.VerifyHeadersOfApplication@4567f35d]" started-at="2022-07-13T13:03:49 IST" name="loginToApplication" finished-at="2022-07-13T13:03:50 IST" duration-ms="885" status="PASS">
          <reporter-output>
          </reporter-output>
        </test-method> <!-- loginToApplication -->
        <test-method signature="toVerifyReportsTab()[pri:3, instance:tests.VerifyHeadersOfApplication@4567f35d]" started-at="2022-07-13T13:03:50 IST" name="toVerifyReportsTab" finished-at="2022-07-13T13:03:50 IST" duration-ms="638" status="PASS">
          <reporter-output>
          </reporter-output>
        </test-method> <!-- toVerifyReportsTab -->
        <test-method is-config="true" signature="logoutFromApplication(org.testng.ITestResult)[pri:0, instance:tests.VerifyHeadersOfApplication@4567f35d]" started-at="2022-07-13T13:03:50 IST" name="logoutFromApplication" finished-at="2022-07-13T13:03:50 IST" duration-ms="138" status="PASS">
          <params>
            <param index="0">
              <value>
                <![CDATA[[TestResult name=toVerifyReportsTab status=SUCCESS method=VerifyHeadersOfApplication.toVerifyReportsTab()[pri:3, instance:tests.VerifyHeadersOfApplication@4567f35d] output={null}]]]>
              </value>
            </param>
          </params>
          <reporter-output>
          </reporter-output>
        </test-method> <!-- logoutFromApplication -->
        <test-method is-config="true" signature="loginToApplication()[pri:0, instance:tests.VerifyHeadersOfApplication@4567f35d]" started-at="2022-07-13T13:03:50 IST" name="loginToApplication" finished-at="2022-07-13T13:03:51 IST" duration-ms="842" status="PASS">
          <reporter-output>
          </reporter-output>
        </test-method> <!-- loginToApplication -->
        <test-method signature="toVerifyUsersTab()[pri:4, instance:tests.VerifyHeadersOfApplication@4567f35d]" started-at="2022-07-13T13:03:51 IST" name="toVerifyUsersTab" finished-at="2022-07-13T13:03:52 IST" duration-ms="885" status="PASS">
          <reporter-output>
          </reporter-output>
        </test-method> <!-- toVerifyUsersTab -->
        <test-method is-config="true" signature="logoutFromApplication(org.testng.ITestResult)[pri:0, instance:tests.VerifyHeadersOfApplication@4567f35d]" started-at="2022-07-13T13:03:52 IST" name="logoutFromApplication" finished-at="2022-07-13T13:03:52 IST" duration-ms="129" status="PASS">
          <params>
            <param index="0">
              <value>
                <![CDATA[[TestResult name=toVerifyUsersTab status=SUCCESS method=VerifyHeadersOfApplication.toVerifyUsersTab()[pri:4, instance:tests.VerifyHeadersOfApplication@4567f35d] output={null}]]]>
              </value>
            </param>
          </params>
          <reporter-output>
          </reporter-output>
        </test-method> <!-- logoutFromApplication -->
        <test-method is-config="true" signature="loginToApplication()[pri:0, instance:tests.VerifyHeadersOfApplication@4567f35d]" started-at="2022-07-13T13:03:52 IST" name="loginToApplication" finished-at="2022-07-13T13:03:53 IST" duration-ms="826" status="PASS">
          <reporter-output>
          </reporter-output>
        </test-method> <!-- loginToApplication -->
        <test-method signature="toVerifyWorkSchedule()[pri:5, instance:tests.VerifyHeadersOfApplication@4567f35d]" started-at="2022-07-13T13:03:53 IST" name="toVerifyWorkSchedule" finished-at="2022-07-13T13:03:53 IST" duration-ms="200" status="PASS">
          <reporter-output>
          </reporter-output>
        </test-method> <!-- toVerifyWorkSchedule -->
        <test-method is-config="true" signature="logoutFromApplication(org.testng.ITestResult)[pri:0, instance:tests.VerifyHeadersOfApplication@4567f35d]" started-at="2022-07-13T13:03:53 IST" name="logoutFromApplication" finished-at="2022-07-13T13:03:53 IST" duration-ms="125" status="PASS">
          <params>
            <param index="0">
              <value>
                <![CDATA[[TestResult name=toVerifyWorkSchedule status=SUCCESS method=VerifyHeadersOfApplication.toVerifyWorkSchedule()[pri:5, instance:tests.VerifyHeadersOfApplication@4567f35d] output={null}]]]>
              </value>
            </param>
          </params>
          <reporter-output>
          </reporter-output>
        </test-method> <!-- logoutFromApplication -->
        <test-method is-config="true" signature="clearPOMObjects()[pri:0, instance:tests.VerifyHeadersOfApplication@4567f35d]" started-at="2022-07-13T13:03:53 IST" name="clearPOMObjects" finished-at="2022-07-13T13:03:53 IST" duration-ms="0" status="PASS">
          <reporter-output>
          </reporter-output>
        </test-method> <!-- clearPOMObjects -->
        <test-method is-config="true" signature="closeBrowser()[pri:0, instance:tests.VerifyHeadersOfApplication@4567f35d]" started-at="2022-07-13T13:03:53 IST" name="closeBrowser" finished-at="2022-07-13T13:03:56 IST" duration-ms="2568" status="PASS">
          <reporter-output>
          </reporter-output>
        </test-method> <!-- closeBrowser -->
      </class> <!-- tests.VerifyHeadersOfApplication -->
    </test> <!-- FirefoxTest -->
    <test started-at="2022-07-13T13:03:56 IST" name="MSEdgeTest" finished-at="2022-07-13T13:04:17 IST" duration-ms="20904">
      <class name="tests.validate">
        <test-method is-config="true" signature="beforeClass()[pri:0, instance:tests.validate@1fa268de]" started-at="2022-07-13T13:03:59 IST" name="beforeClass" finished-at="2022-07-13T13:03:59 IST" duration-ms="0" status="PASS">
          <reporter-output>
          </reporter-output>
        </test-method> <!-- beforeClass -->
        <test-method is-config="true" signature="beforeMethod()[pri:0, instance:tests.validate@1fa268de]" started-at="2022-07-13T13:03:59 IST" name="beforeMethod" finished-at="2022-07-13T13:03:59 IST" duration-ms="0" status="PASS">
          <reporter-output>
          </reporter-output>
        </test-method> <!-- beforeMethod -->
        <test-method signature="test1()[pri:0, instance:tests.validate@1fa268de]" started-at="2022-07-13T13:03:59 IST" name="test1" finished-at="2022-07-13T13:03:59 IST" duration-ms="0" status="PASS">
          <reporter-output>
          </reporter-output>
        </test-method> <!-- test1 -->
        <test-method is-config="true" signature="afterMethod()[pri:0, instance:tests.validate@1fa268de]" started-at="2022-07-13T13:03:59 IST" name="afterMethod" finished-at="2022-07-13T13:03:59 IST" duration-ms="0" status="PASS">
          <reporter-output>
          </reporter-output>
        </test-method> <!-- afterMethod -->
        <test-method is-config="true" signature="afterClass()[pri:0, instance:tests.validate@1fa268de]" started-at="2022-07-13T13:03:59 IST" name="afterClass" finished-at="2022-07-13T13:03:59 IST" duration-ms="0" status="PASS">
          <reporter-output>
          </reporter-output>
        </test-method> <!-- afterClass -->
      </class> <!-- tests.validate -->
      <class name="tests.VerifyHeadersOfApplication">
        <test-method is-config="true" signature="launchBrowser(java.lang.String)[pri:0, instance:tests.VerifyHeadersOfApplication@4f6ee6e4]" started-at="2022-07-13T13:03:56 IST" name="launchBrowser" finished-at="2022-07-13T13:03:59 IST" duration-ms="2890" status="PASS">
          <params>
            <param index="0">
              <value>
                <![CDATA[Edge]]>
              </value>
            </param>
          </params>
          <reporter-output>
          </reporter-output>
        </test-method> <!-- launchBrowser -->
        <test-method is-config="true" signature="createPOMObjects()[pri:0, instance:tests.VerifyHeadersOfApplication@4f6ee6e4]" started-at="2022-07-13T13:03:59 IST" name="createPOMObjects" finished-at="2022-07-13T13:03:59 IST" duration-ms="2" status="PASS">
          <reporter-output>
          </reporter-output>
        </test-method> <!-- createPOMObjects -->
        <test-method is-config="true" signature="loginToApplication()[pri:0, instance:tests.VerifyHeadersOfApplication@4f6ee6e4]" started-at="2022-07-13T13:03:59 IST" name="loginToApplication" finished-at="2022-07-13T13:04:02 IST" duration-ms="3545" status="PASS">
          <reporter-output>
          </reporter-output>
        </test-method> <!-- loginToApplication -->
        <test-method signature="toVerifyTimeTrackTab()[pri:1, instance:tests.VerifyHeadersOfApplication@4f6ee6e4]" started-at="2022-07-13T13:04:02 IST" name="toVerifyTimeTrackTab" finished-at="2022-07-13T13:04:07 IST" duration-ms="5137" status="FAIL">
          <exception class="java.lang.AssertionError">
            <message>
              <![CDATA[Time-Track Page Title does not match expected [actiTIME - Enter Time-Trac] but found [actiTIME - Enter Time-Track]]]>
            </message>
            <full-stacktrace>
              <![CDATA[java.lang.AssertionError: Time-Track Page Title does not match expected [actiTIME - Enter Time-Trac] but found [actiTIME - Enter Time-Track]
at org.testng.Assert.fail(Assert.java:99)
at org.testng.Assert.failNotEquals(Assert.java:1037)
at org.testng.Assert.assertEqualsImpl(Assert.java:140)
at org.testng.Assert.assertEquals(Assert.java:122)
at org.testng.Assert.assertEquals(Assert.java:629)
at tests.VerifyHeadersOfApplication.toVerifyTimeTrackTab(VerifyHeadersOfApplication.java:92)
at java.base/jdk.internal.reflect.NativeMethodAccessorImpl.invoke0(Native Method)
at java.base/jdk.internal.reflect.NativeMethodAccessorImpl.invoke(NativeMethodAccessorImpl.java:78)
at java.base/jdk.internal.reflect.DelegatingMethodAccessorImpl.invoke(DelegatingMethodAccessorImpl.java:43)
at java.base/java.lang.reflect.Method.invoke(Method.java:567)
at org.testng.internal.MethodInvocationHelper.invokeMethod(MethodInvocationHelper.java:133)
at org.testng.internal.TestInvoker.invokeMethod(TestInvoker.java:598)
at org.testng.internal.TestInvoker.invokeTestMethod(TestInvoker.java:173)
at org.testng.internal.MethodRunner.runInSequence(MethodRunner.java:46)
at org.testng.internal.TestInvoker$MethodInvocationAgent.invoke(TestInvoker.java:824)
at org.testng.internal.TestInvoker.invokeTestMethods(TestInvoker.java:146)
at org.testng.internal.TestMethodWorker.invokeTestMethods(TestMethodWorker.java:146)
at org.testng.internal.TestMethodWorker.run(TestMethodWorker.java:128)
at java.base/java.util.ArrayList.forEach(ArrayList.java:1511)
at org.testng.TestRunner.privateRun(TestRunner.java:794)
at org.testng.TestRunner.run(TestRunner.java:596)
at org.testng.SuiteRunner.runTest(SuiteRunner.java:377)
at org.testng.SuiteRunner.runSequentially(SuiteRunner.java:371)
at org.testng.SuiteRunner.privateRun(SuiteRunner.java:332)
at org.testng.SuiteRunner.run(SuiteRunner.java:276)
at org.testng.SuiteRunnerWorker.runSuite(SuiteRunnerWorker.java:53)
at org.testng.SuiteRunnerWorker.run(SuiteRunnerWorker.java:96)
at org.testng.TestNG.runSuitesSequentially(TestNG.java:1212)
at org.testng.TestNG.runSuitesLocally(TestNG.java:1134)
at org.testng.TestNG.runSuites(TestNG.java:1063)
at org.testng.TestNG.run(TestNG.java:1031)
at org.testng.remote.AbstractRemoteTestNG.run(AbstractRemoteTestNG.java:115)
at org.testng.remote.RemoteTestNG.initAndRun(RemoteTestNG.java:251)
at org.testng.remote.RemoteTestNG.main(RemoteTestNG.java:77)
]]>
            </full-stacktrace>
          </exception> <!-- java.lang.AssertionError -->
          <reporter-output>
          </reporter-output>
        </test-method> <!-- toVerifyTimeTrackTab -->
        <test-method is-config="true" signature="logoutFromApplication(org.testng.ITestResult)[pri:0, instance:tests.VerifyHeadersOfApplication@4f6ee6e4]" started-at="2022-07-13T13:04:07 IST" name="logoutFromApplication" finished-at="2022-07-13T13:04:08 IST" duration-ms="466" status="PASS">
          <params>
            <param index="0">
              <value>
                <![CDATA[[TestResult name=toVerifyTimeTrackTab status=FAILURE method=VerifyHeadersOfApplication.toVerifyTimeTrackTab()[pri:1, instance:tests.VerifyHeadersOfApplication@4f6ee6e4] output={null}]]]>
              </value>
            </param>
          </params>
          <reporter-output>
          </reporter-output>
        </test-method> <!-- logoutFromApplication -->
        <test-method is-config="true" signature="loginToApplication()[pri:0, instance:tests.VerifyHeadersOfApplication@4f6ee6e4]" started-at="2022-07-13T13:04:08 IST" name="loginToApplication" finished-at="2022-07-13T13:04:08 IST" duration-ms="321" status="PASS">
          <reporter-output>
          </reporter-output>
        </test-method> <!-- loginToApplication -->
        <test-method signature="toVerifyTaskTab()[pri:2, instance:tests.VerifyHeadersOfApplication@4f6ee6e4]" started-at="2022-07-13T13:04:08 IST" name="toVerifyTaskTab" finished-at="2022-07-13T13:04:10 IST" duration-ms="1497" status="PASS">
          <reporter-output>
          </reporter-output>
        </test-method> <!-- toVerifyTaskTab -->
        <test-method is-config="true" signature="logoutFromApplication(org.testng.ITestResult)[pri:0, instance:tests.VerifyHeadersOfApplication@4f6ee6e4]" started-at="2022-07-13T13:04:10 IST" name="logoutFromApplication" finished-at="2022-07-13T13:04:10 IST" duration-ms="521" status="PASS">
          <params>
            <param index="0">
              <value>
                <![CDATA[[TestResult name=toVerifyTaskTab status=SUCCESS method=VerifyHeadersOfApplication.toVerifyTaskTab()[pri:2, instance:tests.VerifyHeadersOfApplication@4f6ee6e4] output={null}]]]>
              </value>
            </param>
          </params>
          <reporter-output>
          </reporter-output>
        </test-method> <!-- logoutFromApplication -->
        <test-method is-config="true" signature="loginToApplication()[pri:0, instance:tests.VerifyHeadersOfApplication@4f6ee6e4]" started-at="2022-07-13T13:04:10 IST" name="loginToApplication" finished-at="2022-07-13T13:04:11 IST" duration-ms="334" status="PASS">
          <reporter-output>
          </reporter-output>
        </test-method> <!-- loginToApplication -->
        <test-method signature="toVerifyReportsTab()[pri:3, instance:tests.VerifyHeadersOfApplication@4f6ee6e4]" started-at="2022-07-13T13:04:11 IST" name="toVerifyReportsTab" finished-at="2022-07-13T13:04:11 IST" duration-ms="856" status="PASS">
          <reporter-output>
          </reporter-output>
        </test-method> <!-- toVerifyReportsTab -->
        <test-method is-config="true" signature="logoutFromApplication(org.testng.ITestResult)[pri:0, instance:tests.VerifyHeadersOfApplication@4f6ee6e4]" started-at="2022-07-13T13:04:11 IST" name="logoutFromApplication" finished-at="2022-07-13T13:04:12 IST" duration-ms="215" status="PASS">
          <params>
            <param index="0">
              <value>
                <![CDATA[[TestResult name=toVerifyReportsTab status=SUCCESS method=VerifyHeadersOfApplication.toVerifyReportsTab()[pri:3, instance:tests.VerifyHeadersOfApplication@4f6ee6e4] output={null}]]]>
              </value>
            </param>
          </params>
          <reporter-output>
          </reporter-output>
        </test-method> <!-- logoutFromApplication -->
        <test-method is-config="true" signature="loginToApplication()[pri:0, instance:tests.VerifyHeadersOfApplication@4f6ee6e4]" started-at="2022-07-13T13:04:12 IST" name="loginToApplication" finished-at="2022-07-13T13:04:12 IST" duration-ms="321" status="PASS">
          <reporter-output>
          </reporter-output>
        </test-method> <!-- loginToApplication -->
        <test-method signature="toVerifyUsersTab()[pri:4, instance:tests.VerifyHeadersOfApplication@4f6ee6e4]" started-at="2022-07-13T13:04:12 IST" name="toVerifyUsersTab" finished-at="2022-07-13T13:04:15 IST" duration-ms="2499" status="PASS">
          <reporter-output>
          </reporter-output>
        </test-method> <!-- toVerifyUsersTab -->
        <test-method is-config="true" signature="logoutFromApplication(org.testng.ITestResult)[pri:0, instance:tests.VerifyHeadersOfApplication@4f6ee6e4]" started-at="2022-07-13T13:04:15 IST" name="logoutFromApplication" finished-at="2022-07-13T13:04:15 IST" duration-ms="245" status="PASS">
          <params>
            <param index="0">
              <value>
                <![CDATA[[TestResult name=toVerifyUsersTab status=SUCCESS method=VerifyHeadersOfApplication.toVerifyUsersTab()[pri:4, instance:tests.VerifyHeadersOfApplication@4f6ee6e4] output={null}]]]>
              </value>
            </param>
          </params>
          <reporter-output>
          </reporter-output>
        </test-method> <!-- logoutFromApplication -->
        <test-method is-config="true" signature="loginToApplication()[pri:0, instance:tests.VerifyHeadersOfApplication@4f6ee6e4]" started-at="2022-07-13T13:04:15 IST" name="loginToApplication" finished-at="2022-07-13T13:04:15 IST" duration-ms="321" status="PASS">
          <reporter-output>
          </reporter-output>
        </test-method> <!-- loginToApplication -->
        <test-method signature="toVerifyWorkSchedule()[pri:5, instance:tests.VerifyHeadersOfApplication@4f6ee6e4]" started-at="2022-07-13T13:04:15 IST" name="toVerifyWorkSchedule" finished-at="2022-07-13T13:04:16 IST" duration-ms="698" status="PASS">
          <reporter-output>
          </reporter-output>
        </test-method> <!-- toVerifyWorkSchedule -->
        <test-method is-config="true" signature="logoutFromApplication(org.testng.ITestResult)[pri:0, instance:tests.VerifyHeadersOfApplication@4f6ee6e4]" started-at="2022-07-13T13:04:16 IST" name="logoutFromApplication" finished-at="2022-07-13T13:04:16 IST" duration-ms="212" status="PASS">
          <params>
            <param index="0">
              <value>
                <![CDATA[[TestResult name=toVerifyWorkSchedule status=SUCCESS method=VerifyHeadersOfApplication.toVerifyWorkSchedule()[pri:5, instance:tests.VerifyHeadersOfApplication@4f6ee6e4] output={null}]]]>
              </value>
            </param>
          </params>
          <reporter-output>
          </reporter-output>
        </test-method> <!-- logoutFromApplication -->
        <test-method is-config="true" signature="clearPOMObjects()[pri:0, instance:tests.VerifyHeadersOfApplication@4f6ee6e4]" started-at="2022-07-13T13:04:16 IST" name="clearPOMObjects" finished-at="2022-07-13T13:04:16 IST" duration-ms="1" status="PASS">
          <reporter-output>
          </reporter-output>
        </test-method> <!-- clearPOMObjects -->
        <test-method is-config="true" signature="closeBrowser()[pri:0, instance:tests.VerifyHeadersOfApplication@4f6ee6e4]" started-at="2022-07-13T13:04:16 IST" name="closeBrowser" finished-at="2022-07-13T13:04:17 IST" duration-ms="808" status="PASS">
          <reporter-output>
          </reporter-output>
        </test-method> <!-- closeBrowser -->
      </class> <!-- tests.VerifyHeadersOfApplication -->
    </test> <!-- MSEdgeTest -->
  </suite> <!-- Suite -->
</testng-results>
